<?xml version="1.0" encoding="UTF-8"?>
<!-- Generated by org.testng.reporters.JUnitReportReporter -->
<testsuite hostname="DESKTOP-TMI6UL6" failures="0" tests="10" name="studi.co.testScripts.Assignment_Task" time="355.798" errors="0" timestamp="13 Aug 2021 07:23:13 GMT" skipped="0">
  <testcase classname="studi.co.testScripts.Assignment_Task" name="TC03_To_Verify_Clicking_on_Tasks_Task_Details_are_Displayed" time="48.016"/>
  <testcase classname="studi.co.testScripts.Assignment_Task" name="TC08_To_verify_Delete_Btn_Functinality_at_the_time_of_task_creation" time="21.403"/>
  <testcase classname="studi.co.testScripts.Assignment_Task" name="TC04_To_Verify_Closing_Task_Details" time="36.984"/>
  <testcase classname="studi.co.testScripts.Assignment_Task" name="TC10_To_verify_Delete_Btn_Functinality_at_the_time_of_task_creation" time="25.086"/>
  <testcase classname="studi.co.testScripts.Assignment_Task" name="TC01_To_Verify_Successful_Creation_of_Task" time="23.042"/>
  <testcase classname="studi.co.testScripts.Assignment_Task" name="TC02_To_Verify_Creation_of_Task_and_Visible_Under_Due_Today" time="41.724"/>
  <testcase classname="studi.co.testScripts.Assignment_Task" name="TC06_To_verify_the_Help_Toggle_Button_ON_Functionality_At_Time_of_Task_Creation" time="31.015"/>
  <testcase classname="studi.co.testScripts.Assignment_Task" name="TC12_To_verify_Back_to_Todays_Assignments_takes_user_back_to_My_Assignments_screen" time="24.655"/>
  <testcase classname="studi.co.testScripts.Assignment_Task" name="TC09_To_verify_Delete_Btn_Functinality_at_the_time_of_task_creation" time="23.185"/>
  <testcase classname="studi.co.testScripts.Assignment_Task" name="TC07_To_verify_the_Help_Toggle_Button_OFF_Functionality_At_Time_of_Task_Creation" time="80.688"/>
</testsuite> <!-- studi.co.testScripts.Assignment_Task -->
