<?xml version="1.0" encoding="UTF-8"?>
<!-- Generated by org.testng.reporters.JUnitReportReporter -->
<testsuite hostname="DESKTOP-JHURRHK" failures="0" tests="32" name="studi.co.testScripts.AFS_UserStory_76" time="0.000" errors="0" timestamp="13 Aug 2021 15:49:13 GMT" skipped="32">
  <testcase classname="studi.co.testScripts.AFS_UserStory_76" name="TC33_To_Verify_User_Can_Abond_MCQ_Quiz_In_Test" time="0.000">
    <skipped/>
  </testcase> <!-- TC33_To_Verify_User_Can_Abond_MCQ_Quiz_In_Test -->
  <testcase classname="studi.co.testScripts.AFS_UserStory_76" name="TC05_To_Verify_Multiple_Answers_Can_Be_Select_For_MCQ_Question_In_Revision" time="0.000">
    <skipped/>
  </testcase> <!-- TC05_To_Verify_Multiple_Answers_Can_Be_Select_For_MCQ_Question_In_Revision -->
  <testcase classname="studi.co.testScripts.AFS_UserStory_76" name="TC15_To_Verify_MCQ_Answers_Can_Be_Select_In_Practice" time="0.000">
    <skipped/>
  </testcase> <!-- TC15_To_Verify_MCQ_Answers_Can_Be_Select_In_Practice -->
  <testcase classname="studi.co.testScripts.AFS_UserStory_76" name="TC29_To_Verify_Attempting_MCQ_Quiz_Is_Not_Mandatory_In_Test" time="0.000">
    <skipped/>
  </testcase> <!-- TC29_To_Verify_Attempting_MCQ_Quiz_Is_Not_Mandatory_In_Test -->
  <testcase classname="studi.co.testScripts.AFS_UserStory_76" name="TC03_To_Verify_Multiple_Answers_Shown_For_MCQ_In_Revision" time="0.000">
    <skipped/>
  </testcase> <!-- TC03_To_Verify_Multiple_Answers_Shown_For_MCQ_In_Revision -->
  <testcase classname="studi.co.testScripts.AFS_UserStory_76" name="TC27_To_Verify_Correct_Feedback_Shown_After_MCQ_Answer_Selection_In_Test" time="0.000">
    <skipped/>
  </testcase> <!-- TC27_To_Verify_Correct_Feedback_Shown_After_MCQ_Answer_Selection_In_Test -->
  <testcase classname="studi.co.testScripts.AFS_UserStory_76" name="TC11_To_Verify_User_Can_Abandon_MCQ_Quiz_In_Revision" time="0.000">
    <skipped/>
  </testcase> <!-- TC11_To_Verify_User_Can_Abandon_MCQ_Quiz_In_Revision -->
  <testcase classname="studi.co.testScripts.AFS_UserStory_76" name="TC16_To_Verify_Multiple_MSQ_Answer_Can_Be_Select_In_Practice" time="0.000">
    <skipped/>
  </testcase> <!-- TC16_To_Verify_Multiple_MSQ_Answer_Can_Be_Select_In_Practice -->
  <testcase classname="studi.co.testScripts.AFS_UserStory_76" name="TC04_To_Verify_MCQ_Answers_Can_Be_Select_In_Revision" time="0.000">
    <skipped/>
  </testcase> <!-- TC04_To_Verify_MCQ_Answers_Can_Be_Select_In_Revision -->
  <testcase classname="studi.co.testScripts.AFS_UserStory_76" name="TC32_To_Verify_Marks_Shown_With_MCQ_In_Test" time="0.000">
    <skipped/>
  </testcase> <!-- TC32_To_Verify_Marks_Shown_With_MCQ_In_Test -->
  <testcase classname="studi.co.testScripts.AFS_UserStory_76" name="TC24_To_Verify_Multiple_Answers_Shown_For_MCQ_In_Test" time="0.000">
    <skipped/>
  </testcase> <!-- TC24_To_Verify_Multiple_Answers_Shown_For_MCQ_In_Test -->
  <testcase classname="studi.co.testScripts.AFS_UserStory_76" name="TC08_To_Verify_Instant_Feedback_Shown_After_MCQ_Wrong_Answer_Selection_In_Revision" time="0.000">
    <skipped/>
  </testcase> <!-- TC08_To_Verify_Instant_Feedback_Shown_After_MCQ_Wrong_Answer_Selection_In_Revision -->
  <testcase classname="studi.co.testScripts.AFS_UserStory_76" name="TC30_To_Verify_User_Should_Be_Able_To_Flag_The_MCQ_Question_With_Hamburger_In_Test" time="0.000">
    <skipped/>
  </testcase> <!-- TC30_To_Verify_User_Should_Be_Able_To_Flag_The_MCQ_Question_With_Hamburger_In_Test -->
  <testcase classname="studi.co.testScripts.AFS_UserStory_76" name="TC09_To_Verify_Attempting_MCQ_Quiz_Is_Not_Mandatory_In_Revision" time="0.000">
    <skipped/>
  </testcase> <!-- TC09_To_Verify_Attempting_MCQ_Quiz_Is_Not_Mandatory_In_Revision -->
  <testcase classname="studi.co.testScripts.AFS_UserStory_76" name="TC01_Verify_MCQ_Questions_In_Revision" time="0.000">
    <skipped/>
  </testcase> <!-- TC01_Verify_MCQ_Questions_In_Revision -->
  <testcase classname="studi.co.testScripts.AFS_UserStory_76" name="TC26_To_Verify_Multiple_MSQ_Answer_Can_Be_Select_In_Test" time="0.000">
    <skipped/>
  </testcase> <!-- TC26_To_Verify_Multiple_MSQ_Answer_Can_Be_Select_In_Test -->
  <testcase classname="studi.co.testScripts.AFS_UserStory_76" name="TC06_To_Verify_Instant_Feedback_Shown_After_MCQ_Correct_Answer_Selection_In_Revision" time="0.000">
    <skipped/>
  </testcase> <!-- TC06_To_Verify_Instant_Feedback_Shown_After_MCQ_Correct_Answer_Selection_In_Revision -->
  <testcase classname="studi.co.testScripts.AFS_UserStory_76" name="TC31_To_Verify_User_Should_Be_Able_To_Flag_The_MCQ_Question_In_Test" time="0.000">
    <skipped/>
  </testcase> <!-- TC31_To_Verify_User_Should_Be_Able_To_Flag_The_MCQ_Question_In_Test -->
  <testcase classname="studi.co.testScripts.AFS_UserStory_76" name="TC22_To_Verify_Receive_MCQ_Questions_In_Test" time="0.000">
    <skipped/>
  </testcase> <!-- TC22_To_Verify_Receive_MCQ_Questions_In_Test -->
  <testcase classname="studi.co.testScripts.AFS_UserStory_76" name="TC02_To_Verify_MCQ_Answers_Is_In_Default_State_In_Revision" time="0.000">
    <skipped/>
  </testcase> <!-- TC02_To_Verify_MCQ_Answers_Is_In_Default_State_In_Revision -->
  <testcase classname="studi.co.testScripts.AFS_UserStory_76" name="TC28_To_Verify_Correct_Feedback_Shown_Under_Hamburger_Menu_In_Test" time="0.000">
    <skipped/>
  </testcase> <!-- TC28_To_Verify_Correct_Feedback_Shown_Under_Hamburger_Menu_In_Test -->
  <testcase classname="studi.co.testScripts.AFS_UserStory_76" name="TC14_To_Verify_Multiple_Answers_Shown_For_MCQ_In_Practice" time="0.000">
    <skipped/>
  </testcase> <!-- TC14_To_Verify_Multiple_Answers_Shown_For_MCQ_In_Practice -->
  <testcase classname="studi.co.testScripts.AFS_UserStory_76" name="TC12_Verify_MCQ_Questions_In_Pratice" time="0.000">
    <skipped/>
  </testcase> <!-- TC12_Verify_MCQ_Questions_In_Pratice -->
  <testcase classname="studi.co.testScripts.AFS_UserStory_76" name="TC21_To_Verify_User_Can_Abond_MCQ_Quiz_In_Practice" time="0.000">
    <skipped/>
  </testcase> <!-- TC21_To_Verify_User_Can_Abond_MCQ_Quiz_In_Practice -->
  <testcase classname="studi.co.testScripts.AFS_UserStory_76" name="TC17_To_Verify_Correct_Feedback_Shown_After_Correct_Answer_Selection_For_MCQ_In_Practice" time="0.000">
    <skipped/>
  </testcase> <!-- TC17_To_Verify_Correct_Feedback_Shown_After_Correct_Answer_Selection_For_MCQ_In_Practice -->
  <testcase classname="studi.co.testScripts.AFS_UserStory_76" name="TC23_Module_Receive_MCQ_Answers_In_Default_State_In_Test" time="0.000">
    <skipped/>
  </testcase> <!-- TC23_Module_Receive_MCQ_Answers_In_Default_State_In_Test -->
  <testcase classname="studi.co.testScripts.AFS_UserStory_76" name="TC13_To_Verify_MCQ_Answers_Is_In_Default_State_In_Practice" time="0.000">
    <skipped/>
  </testcase> <!-- TC13_To_Verify_MCQ_Answers_Is_In_Default_State_In_Practice -->
  <testcase classname="studi.co.testScripts.AFS_UserStory_76" name="TC20_To_Verify_In_Wrong_Answer_Selection_User_Should_Get_1_More_Attempt_For_MCQ_In_Practice" time="0.000">
    <skipped/>
  </testcase> <!-- TC20_To_Verify_In_Wrong_Answer_Selection_User_Should_Get_1_More_Attempt_For_MCQ_In_Practice -->
  <testcase classname="studi.co.testScripts.AFS_UserStory_76" name="TC07_To_Verify_State_Of_Answer_Should_Be_Maintained_For_MCQ_Answer_In_Revision" time="0.000">
    <skipped/>
  </testcase> <!-- TC07_To_Verify_State_Of_Answer_Should_Be_Maintained_For_MCQ_Answer_In_Revision -->
  <testcase classname="studi.co.testScripts.AFS_UserStory_76" name="TC19_To_Verify_Attempting_MCQ_Quiz_Is_Mandatory_In_Practice" time="0.000">
    <skipped/>
  </testcase> <!-- TC19_To_Verify_Attempting_MCQ_Quiz_Is_Mandatory_In_Practice -->
  <testcase classname="studi.co.testScripts.AFS_UserStory_76" name="TC25_To_Verify_MCQ_Answers_Can_Be_Select_In_Test" time="0.000">
    <skipped/>
  </testcase> <!-- TC25_To_Verify_MCQ_Answers_Can_Be_Select_In_Test -->
  <testcase classname="studi.co.testScripts.AFS_UserStory_76" name="TC18_To_Verify_Correct_Feedback_Shown_After_Partial_Answer_Selection_In_Practice" time="0.000">
    <skipped/>
  </testcase> <!-- TC18_To_Verify_Correct_Feedback_Shown_After_Partial_Answer_Selection_In_Practice -->
</testsuite> <!-- studi.co.testScripts.AFS_UserStory_76 -->
