<?xml version="1.0" encoding="UTF-8"?>
<!-- Generated by org.testng.reporters.JUnitReportReporter -->
<testsuite hostname="DESKTOP-JHURRHK" failures="0" tests="41" name="studi.co.testScripts.Assignment_Oral_Test" time="106.973" errors="0" timestamp="05 Aug 2021 11:24:59 GMT" skipped="37">
  <testcase classname="studi.co.testScripts.Assignment_Oral_Test" name="TC40_To_verify_after_hiding_Answer_user_should_be_able_to_view_Answer_Again" time="37.946"/>
  <testcase classname="studi.co.testScripts.Assignment_Oral_Test" name="TC07_To_Verify_that_from_syllabus_menu_user_should_be_able_to_Navigate_Oral_Test" time="7.091"/>
  <testcase classname="studi.co.testScripts.Assignment_Oral_Test" name="TC35_To_verify_Begin_test" time="41.781"/>
  <testcase classname="studi.co.testScripts.Assignment_Oral_Test" name="TC08_To_Verify_After_Clicking_On_Oral_Test_User_Should_be_able_to_View_Oral_Test_Option" time="20.155"/>
  <testcase classname="studi.co.testScripts.Assignment_Oral_Test" name="TC36_To_verify_the_question_with_Answer_appears_in_Green_Color">
    <skipped/>
  </testcase> <!-- TC36_To_verify_the_question_with_Answer_appears_in_Green_Color -->
  <testcase classname="studi.co.testScripts.Assignment_Oral_Test" name="TC39_To_verify_user_should_be_able_to_hide_answers">
    <skipped/>
  </testcase> <!-- TC39_To_verify_user_should_be_able_to_hide_answers -->
  <testcase classname="studi.co.testScripts.Assignment_Oral_Test" name="TC32_To_Verify_the_navigation_from_Start_Test_Now">
    <skipped/>
  </testcase> <!-- TC32_To_Verify_the_navigation_from_Start_Test_Now -->
  <testcase classname="studi.co.testScripts.Assignment_Oral_Test" name="TC45_To_verify_user_should_be_able_to_end_test_without_checking_the_Answer">
    <skipped/>
  </testcase> <!-- TC45_To_verify_user_should_be_able_to_end_test_without_checking_the_Answer -->
  <testcase classname="studi.co.testScripts.Assignment_Oral_Test" name="TC24_To_Verify_That_While_Entering_Test_Setting_Details_User_Able_To_ON_Help_Toggle">
    <skipped/>
  </testcase> <!-- TC24_To_Verify_That_While_Entering_Test_Setting_Details_User_Able_To_ON_Help_Toggle -->
  <testcase classname="studi.co.testScripts.Assignment_Oral_Test" name="TC11_To_Verify_That_User_is_Able_to_Select_the_Topics_from_Subject">
    <skipped/>
  </testcase> <!-- TC11_To_Verify_That_User_is_Able_to_Select_the_Topics_from_Subject -->
  <testcase classname="studi.co.testScripts.Assignment_Oral_Test" name="TC29_To_Verify_input_limitation_and_input_validation_for_the_title">
    <skipped/>
  </testcase> <!-- TC29_To_Verify_input_limitation_and_input_validation_for_the_title -->
  <testcase classname="studi.co.testScripts.Assignment_Oral_Test" name="TC25_To_Verify_That_While_Entering_Test_Setting_Details_User_Able_To_OFF_Help_Toggle">
    <skipped/>
  </testcase> <!-- TC25_To_Verify_That_While_Entering_Test_Setting_Details_User_Able_To_OFF_Help_Toggle -->
  <testcase classname="studi.co.testScripts.Assignment_Oral_Test" name="TC44_To_verify_with_Incorrect_Answer">
    <skipped/>
  </testcase> <!-- TC44_To_verify_with_Incorrect_Answer -->
  <testcase classname="studi.co.testScripts.Assignment_Oral_Test" name="TC33_To_Verify_the_Start_Test_UI">
    <skipped/>
  </testcase> <!-- TC33_To_Verify_the_Start_Test_UI -->
  <testcase classname="studi.co.testScripts.Assignment_Oral_Test" name="TC17_To_Verify_that_user_should_be_able_to_move_from_current_step_to_next_step">
    <skipped/>
  </testcase> <!-- TC17_To_Verify_that_user_should_be_able_to_move_from_current_step_to_next_step -->
  <testcase classname="studi.co.testScripts.Assignment_Oral_Test" name="TC41_To_verify_the_Answer_with_Did_you_get_it_right">
    <skipped/>
  </testcase> <!-- TC41_To_verify_the_Answer_with_Did_you_get_it_right -->
  <testcase classname="studi.co.testScripts.Assignment_Oral_Test" name="TC26_To_Verify_Default_Title_of_the_Oral_Test">
    <skipped/>
  </testcase> <!-- TC26_To_Verify_Default_Title_of_the_Oral_Test -->
  <testcase classname="studi.co.testScripts.Assignment_Oral_Test" name="TC18_To_Verify_that_user_should_be_able_to_move_from_current_step_to_previous_step">
    <skipped/>
  </testcase> <!-- TC18_To_Verify_that_user_should_be_able_to_move_from_current_step_to_previous_step -->
  <testcase classname="studi.co.testScripts.Assignment_Oral_Test" name="TC23_To_Verify_on_step_3_Enter_Test_Settings_Screen_Should_Get_Display">
    <skipped/>
  </testcase> <!-- TC23_To_Verify_on_step_3_Enter_Test_Settings_Screen_Should_Get_Display -->
  <testcase classname="studi.co.testScripts.Assignment_Oral_Test" name="TC46_To_verify_that_submit_Test_successfully">
    <skipped/>
  </testcase> <!-- TC46_To_verify_that_submit_Test_successfully -->
  <testcase classname="studi.co.testScripts.Assignment_Oral_Test" name="TC37_To_verify_To_verify_the_zoom_functionality_for_Pictures">
    <skipped/>
  </testcase> <!-- TC37_To_verify_To_verify_the_zoom_functionality_for_Pictures -->
  <testcase classname="studi.co.testScripts.Assignment_Oral_Test" name="TC28_To_Verify_Edit_Title_of_the_Oral_test">
    <skipped/>
  </testcase> <!-- TC28_To_Verify_Edit_Title_of_the_Oral_test -->
  <testcase classname="studi.co.testScripts.Assignment_Oral_Test" name="TC19_To_Verify_that_on_all_steps_user_able_to_delete_it_the_all_oral_creation_process">
    <skipped/>
  </testcase> <!-- TC19_To_Verify_that_on_all_steps_user_able_to_delete_it_the_all_oral_creation_process -->
  <testcase classname="studi.co.testScripts.Assignment_Oral_Test" name="TC10_To_Verify_That_User_is_Able_to_Select_the_Chapters_from_Subject">
    <skipped/>
  </testcase> <!-- TC10_To_Verify_That_User_is_Able_to_Select_the_Chapters_from_Subject -->
  <testcase classname="studi.co.testScripts.Assignment_Oral_Test" name="TC12_To_verify_for_select_Deselect_of_chapters_and_Topics">
    <skipped/>
  </testcase> <!-- TC12_To_verify_for_select_Deselect_of_chapters_and_Topics -->
  <testcase classname="studi.co.testScripts.Assignment_Oral_Test" name="TC27_Verify_with_blank_Title">
    <skipped/>
  </testcase> <!-- TC27_Verify_with_blank_Title -->
  <testcase classname="studi.co.testScripts.Assignment_Oral_Test" name="TC52_To_verify_Reurn_to_test_functionality_after_submission_of_test">
    <skipped/>
  </testcase> <!-- TC52_To_verify_Reurn_to_test_functionality_after_submission_of_test -->
  <testcase classname="studi.co.testScripts.Assignment_Oral_Test" name="TC21_To_Verify_that_With_YesPleaseDiscard_button">
    <skipped/>
  </testcase> <!-- TC21_To_Verify_that_With_YesPleaseDiscard_button -->
  <testcase classname="studi.co.testScripts.Assignment_Oral_Test" name="TC20_To_Verify_that_after_click_on_delete_two_option_should_get_display">
    <skipped/>
  </testcase> <!-- TC20_To_Verify_that_after_click_on_delete_two_option_should_get_display -->
  <testcase classname="studi.co.testScripts.Assignment_Oral_Test" name="TC09_To_Verify_that_User_Should_be_able_to_Add_the_Content_Even_if_Striked_off_for_Creating_Oral_Test">
    <skipped/>
  </testcase> <!-- TC09_To_Verify_that_User_Should_be_able_to_Add_the_Content_Even_if_Striked_off_for_Creating_Oral_Test -->
  <testcase classname="studi.co.testScripts.Assignment_Oral_Test" name="TC47_To_verify_after_submit_oral_test_there_should_not_be_any_scoring_critria">
    <skipped/>
  </testcase> <!-- TC47_To_verify_after_submit_oral_test_there_should_not_be_any_scoring_critria -->
  <testcase classname="studi.co.testScripts.Assignment_Oral_Test" name="TC30_To_Verify_Set_Level_Of_Difficulty_For_The_Test">
    <skipped/>
  </testcase> <!-- TC30_To_Verify_Set_Level_Of_Difficulty_For_The_Test -->
  <testcase classname="studi.co.testScripts.Assignment_Oral_Test" name="TC53_To_check_for_the_confirmation_Message_for_redo_test_after_submiting_test">
    <skipped/>
  </testcase> <!-- TC53_To_check_for_the_confirmation_Message_for_redo_test_after_submiting_test -->
  <testcase classname="studi.co.testScripts.Assignment_Oral_Test" name="TC22_To_Verify_With_TakeMeBack_Button">
    <skipped/>
  </testcase> <!-- TC22_To_Verify_With_TakeMeBack_Button -->
  <testcase classname="studi.co.testScripts.Assignment_Oral_Test" name="TC34_To_Verify_When_click_on_start_test_button_before_starting_test_user_should_be_Able_to_view_Videos">
    <skipped/>
  </testcase> <!-- TC34_To_Verify_When_click_on_start_test_button_before_starting_test_user_should_be_Able_to_view_Videos -->
  <testcase classname="studi.co.testScripts.Assignment_Oral_Test" name="TC54_To_verify_the_functionality_of_redo_test">
    <skipped/>
  </testcase> <!-- TC54_To_verify_the_functionality_of_redo_test -->
  <testcase classname="studi.co.testScripts.Assignment_Oral_Test" name="TC31_To_Verify_To_Set_Duration_For_The_Test">
    <skipped/>
  </testcase> <!-- TC31_To_Verify_To_Set_Duration_For_The_Test -->
  <testcase classname="studi.co.testScripts.Assignment_Oral_Test" name="TC42_To_Verify_with_correct_Answer">
    <skipped/>
  </testcase> <!-- TC42_To_Verify_with_correct_Answer -->
  <testcase classname="studi.co.testScripts.Assignment_Oral_Test" name="TC38_To_verify_the_Default_Correct_Answer_of_question_is_display">
    <skipped/>
  </testcase> <!-- TC38_To_verify_the_Default_Correct_Answer_of_question_is_display -->
  <testcase classname="studi.co.testScripts.Assignment_Oral_Test" name="TC51_Verify_the_actions_on_last_question_of_the_Oral_test">
    <skipped/>
  </testcase> <!-- TC51_Verify_the_actions_on_last_question_of_the_Oral_test -->
  <testcase classname="studi.co.testScripts.Assignment_Oral_Test" name="TC43_To_verify_with_Partialy_correct_Answer">
    <skipped/>
  </testcase> <!-- TC43_To_verify_with_Partialy_correct_Answer -->
</testsuite> <!-- studi.co.testScripts.Assignment_Oral_Test -->
