<?xml version="1.0" encoding="UTF-8"?>
<!-- Generated by org.testng.reporters.JUnitReportReporter -->
<testsuite hostname="DESKTOP-TMI6UL6" failures="0" tests="9" name="studi.co.testScripts.Signup_Login_Tests" time="124.945" errors="0" timestamp="12 Aug 2021 12:02:18 GMT" skipped="2">
  <testcase classname="studi.co.testScripts.Signup_Login_Tests" name="TC_04_Verify_SingIn_Functionality_With_Valid_Username_And_Blank_Password" time="16.744"/>
  <testcase classname="studi.co.testScripts.Signup_Login_Tests" name="TC_08_Verify_User_Entered_Valid_Credentials" time="19.344"/>
  <testcase classname="studi.co.testScripts.Signup_Login_Tests" name="TC_05_Verify_User_Entered_Invalid_Credentials" time="18.256"/>
  <testcase classname="studi.co.testScripts.Signup_Login_Tests" name="TC_06_Verify_User_Entered_Valid_MobileNo_And_Invalid_Password" time="18.043"/>
  <testcase classname="studi.co.testScripts.Signup_Login_Tests" name="TC_11_Verify_Logout_Functionality" time="19.688"/>
  <testcase classname="studi.co.testScripts.Signup_Login_Tests" name="TC_07_Verify_User_Entered_Invalid_MobileNo_And_Valid_PAssword" time="17.983"/>
  <testcase classname="studi.co.testScripts.Signup_Login_Tests" name="TC_03_Verify_Loginin_Functionality_With_Blank_Mobile_Number" time="14.887"/>
  <testcase classname="studi.co.testScripts.Signup_Login_Tests" name="verify_The_SignUp_Functionality_For_New_User_Who_Dont_Have_An_Account">
    <skipped/>
  </testcase> <!-- verify_The_SignUp_Functionality_For_New_User_Who_Dont_Have_An_Account -->
  <testcase classname="studi.co.testScripts.Signup_Login_Tests" name="TC_13_Verify_Functionality_After_Adding_Valid_Username_And_Valid_Password_In_Application_URL">
    <skipped/>
  </testcase> <!-- TC_13_Verify_Functionality_After_Adding_Valid_Username_And_Valid_Password_In_Application_URL -->
</testsuite> <!-- studi.co.testScripts.Signup_Login_Tests -->
