<?xml version="1.0" encoding="UTF-8"?>
<!-- Generated by org.testng.reporters.JUnitReportReporter -->
<testsuite hostname="DESKTOP-TMI6UL6" failures="0" tests="15" name="studi.co.testScripts.AFS_UserStory_2" time="0.000" errors="0" timestamp="22 Jul 2021 05:42:00 GMT" skipped="15">
  <testcase classname="studi.co.testScripts.AFS_UserStory_2" name="TC10_Verify_User_Should_Be_Able_To_View_Summary_Pages" time="0.000">
    <skipped/>
  </testcase> <!-- TC10_Verify_User_Should_Be_Able_To_View_Summary_Pages -->
  <testcase classname="studi.co.testScripts.AFS_UserStory_2" name="TC12_Verify_User_Should_Be_Able_To_Attempt_Revision_Multiple_Times" time="0.000">
    <skipped/>
  </testcase> <!-- TC12_Verify_User_Should_Be_Able_To_Attempt_Revision_Multiple_Times -->
  <testcase classname="studi.co.testScripts.AFS_UserStory_2" name="TC04_Verify_User_Should_Be_Able_To_Begin_Revision_From_Syllabus" time="0.000">
    <skipped/>
  </testcase> <!-- TC04_Verify_User_Should_Be_Able_To_Begin_Revision_From_Syllabus -->
  <testcase classname="studi.co.testScripts.AFS_UserStory_2" name="TC03_Verify_Revision_Overview_" time="0.000">
    <skipped/>
  </testcase> <!-- TC03_Verify_Revision_Overview_ -->
  <testcase classname="studi.co.testScripts.AFS_UserStory_2" name="TC17_Verify_Behaviour_In_Landscape_And_Portrait_Mode_Transition" time="0.000">
    <skipped/>
  </testcase> <!-- TC17_Verify_Behaviour_In_Landscape_And_Portrait_Mode_Transition -->
  <testcase classname="studi.co.testScripts.AFS_UserStory_2" name="TC19_Verify_Behaviour_In_Locking_and_Unlocking_Transition" time="0.000">
    <skipped/>
  </testcase> <!-- TC19_Verify_Behaviour_In_Locking_and_Unlocking_Transition -->
  <testcase classname="studi.co.testScripts.AFS_UserStory_2" name="TC_18_Verify_Behaviour_In_Sleep_Mode" time="0.000">
    <skipped/>
  </testcase> <!-- TC_18_Verify_Behaviour_In_Sleep_Mode -->
  <testcase classname="studi.co.testScripts.AFS_UserStory_2" name="TC02_Verify_User_Should_Be_Able_To_Launch_Revision_Via_MySyllabus" time="0.000">
    <skipped/>
  </testcase> <!-- TC02_Verify_User_Should_Be_Able_To_Launch_Revision_Via_MySyllabus -->
  <testcase classname="studi.co.testScripts.AFS_UserStory_2" name="TC05_Verify_User_Should_Be_Able_To_View_Video_In_Revision_From_Syllabus" time="0.000">
    <skipped/>
  </testcase> <!-- TC05_Verify_User_Should_Be_Able_To_View_Video_In_Revision_From_Syllabus -->
  <testcase classname="studi.co.testScripts.AFS_UserStory_2" name="TC13_Verify_Functionality_After_Killing_The_App" time="0.000">
    <skipped/>
  </testcase> <!-- TC13_Verify_Functionality_After_Killing_The_App -->
  <testcase classname="studi.co.testScripts.AFS_UserStory_2" name="TC01_Verify_User_Should_Be_Able_To_Navigate_To_Revision_Via_MySyllabus" time="0.000">
    <skipped/>
  </testcase> <!-- TC01_Verify_User_Should_Be_Able_To_Navigate_To_Revision_Via_MySyllabus -->
  <testcase classname="studi.co.testScripts.AFS_UserStory_2" name="TC16_Verify_Functionality_Of_App_In_App_Background_Scenario" time="0.000">
    <skipped/>
  </testcase> <!-- TC16_Verify_Functionality_Of_App_In_App_Background_Scenario -->
  <testcase classname="studi.co.testScripts.AFS_UserStory_2" name="TC15_Verify_Functionality_Of_App_After_Call_Interrupt" time="0.000">
    <skipped/>
  </testcase> <!-- TC15_Verify_Functionality_Of_App_After_Call_Interrupt -->
  <testcase classname="studi.co.testScripts.AFS_UserStory_2" name="TC08_Verify_User_Should_Be_Able_To_Create_Note_During_Video_In_Revision_From_Syllabus" time="0.000">
    <skipped/>
  </testcase> <!-- TC08_Verify_User_Should_Be_Able_To_Create_Note_During_Video_In_Revision_From_Syllabus -->
  <testcase classname="studi.co.testScripts.AFS_UserStory_2" name="TC11_Verify_User_Should_Be_Able_To_Abondon_The_Revision" time="0.000">
    <skipped/>
  </testcase> <!-- TC11_Verify_User_Should_Be_Able_To_Abondon_The_Revision -->
</testsuite> <!-- studi.co.testScripts.AFS_UserStory_2 -->
