<?xml version="1.0" encoding="UTF-8"?>
<!-- Generated by org.testng.reporters.JUnitReportReporter -->
<testsuite hostname="DESKTOP-JHURRHK" failures="0" tests="8" name="studi.co.testScripts.AFS_UserStory_65" time="0.000" errors="0" timestamp="13 Aug 2021 15:49:13 GMT" skipped="8">
  <testcase classname="studi.co.testScripts.AFS_UserStory_65" name="T07_To_Verify_Warning_Message_On_Clicking_Back_Button" time="0.000">
    <skipped/>
  </testcase> <!-- T07_To_Verify_Warning_Message_On_Clicking_Back_Button -->
  <testcase classname="studi.co.testScripts.AFS_UserStory_65" name="T02_To_Verify_BeginPractise_Button" time="0.000">
    <skipped/>
  </testcase> <!-- T02_To_Verify_BeginPractise_Button -->
  <testcase classname="studi.co.testScripts.AFS_UserStory_65" name="T05_To_Verify_User_should_shown_proper_Response_for_correct_option" time="0.000">
    <skipped/>
  </testcase> <!-- T05_To_Verify_User_should_shown_proper_Response_for_correct_option -->
  <testcase classname="studi.co.testScripts.AFS_UserStory_65" name="T03_To_Verify_Practise_Quetions" time="0.000">
    <skipped/>
  </testcase> <!-- T03_To_Verify_Practise_Quetions -->
  <testcase classname="studi.co.testScripts.AFS_UserStory_65" name="T06_To_Verify_User_should_shown_proper_Response_for_incorrect_option" time="0.000">
    <skipped/>
  </testcase> <!-- T06_To_Verify_User_should_shown_proper_Response_for_incorrect_option -->
  <testcase classname="studi.co.testScripts.AFS_UserStory_65" name="T04_To_Verify_User_Can_Attempt_Practise_Quetions" time="0.000">
    <skipped/>
  </testcase> <!-- T04_To_Verify_User_Can_Attempt_Practise_Quetions -->
  <testcase classname="studi.co.testScripts.AFS_UserStory_65" name="T01_To_Verify_BeginPractise_Link" time="0.000">
    <skipped/>
  </testcase> <!-- T01_To_Verify_BeginPractise_Link -->
  <testcase classname="studi.co.testScripts.AFS_UserStory_65" name="T08_To_Verify_Confidence_Report_Page" time="0.000">
    <skipped/>
  </testcase> <!-- T08_To_Verify_Confidence_Report_Page -->
</testsuite> <!-- studi.co.testScripts.AFS_UserStory_65 -->
