<?xml version="1.0" encoding="UTF-8"?>
<!-- Generated by org.testng.reporters.JUnitReportReporter -->
<testsuite hostname="DESKTOP-TMI6UL6" failures="0" tests="4" name="studi.co.testScripts.Syllabus_Notes_Listing" time="336.151" errors="0" timestamp="12 Aug 2021 12:45:48 GMT" skipped="1">
  <testcase classname="studi.co.testScripts.Syllabus_Notes_Listing" name="TC02_To_verify_user_should_be_able_to_view_the_added_note_in_detail_in_expanded_form" time="86.013"/>
  <testcase classname="studi.co.testScripts.Syllabus_Notes_Listing" name="TC03_To_verify_that_user_should_be_able_to_Edit_Delete_the_note" time="124.341"/>
  <testcase classname="studi.co.testScripts.Syllabus_Notes_Listing" name="TC04_To_verify_user_should_be_able_to_navigate_to_note_location_after_clicking_GoToNote_location" time="125.797"/>
  <testcase classname="studi.co.testScripts.Syllabus_Notes_Listing" name="TC01_To_verify_user_should_be_able_to_view_the_added_notes_from_the_hamburger_menu">
    <skipped/>
  </testcase> <!-- TC01_To_verify_user_should_be_able_to_view_the_added_notes_from_the_hamburger_menu -->
</testsuite> <!-- studi.co.testScripts.Syllabus_Notes_Listing -->
