<?xml version="1.0" encoding="UTF-8"?>
<!-- Generated by org.testng.reporters.JUnitReportReporter -->
<testsuite hostname="DESKTOP-JHURRHK" failures="0" tests="9" name="studi.co.testScripts.Syllabus_Intent_Creation" time="454.370" errors="2" timestamp="13 Aug 2021 18:08:27 GMT" skipped="0">
  <testcase classname="studi.co.testScripts.Syllabus_Intent_Creation" name="TC02_To_Verify_user_should_be_able_to_view_the_link_to_create_Digital_test" time="50.369"/>
  <testcase classname="studi.co.testScripts.Syllabus_Intent_Creation" name="TC04_To_Verify_On_click_one_of_the_topic_or_chapter_next_button_shown" time="42.531"/>
  <testcase classname="studi.co.testScripts.Syllabus_Intent_Creation" name="TC05_To_Verify_click_on_delete_icon_test_creation_will_be_aborted" time="37.242"/>
  <testcase classname="studi.co.testScripts.Syllabus_Intent_Creation" name="TC08_To_verify_user_should_be_able_to_select_Duration" time="64.967"/>
  <testcase classname="studi.co.testScripts.Syllabus_Intent_Creation" name="TC07_To_verify_user_should_be_able_to_Choose_difficulty_level" time="52.959"/>
  <testcase classname="studi.co.testScripts.Syllabus_Intent_Creation" name="TC03_To_Verify_user_should_be_able_to_add_the_Content_even_if_striked_off" time="41.802"/>
  <testcase classname="studi.co.testScripts.Syllabus_Intent_Creation" name="TC01_To_Verify_when_click_on_Syllabus_shown_all_the_Chapters_Topics_from_BrowseBook_section" time="54.919">
    <error message="Cached elements &#039;By.id: com.tce.studi:id/tvChapter&#039; do not exist in DOM anymore (WARNING: The server did not provide any stacktrace information)
Command duration or timeout: 0 milliseconds
For documentation on this error, please visit: https://www.seleniumhq.org/exceptions/stale_element_reference.html
Build info: version: &#039;3.141.59&#039;, revision: &#039;e82be7d358&#039;, time: &#039;2018-11-14T08:17:03&#039;
System info: host: &#039;DESKTOP-JHURRHK&#039;, ip: &#039;192.168.0.100&#039;, os.name: &#039;Windows 10&#039;, os.arch: &#039;amd64&#039;, os.version: &#039;10.0&#039;, java.version: &#039;11.0.9&#039;
Driver info: io.appium.java_client.android.AndroidDriver
Capabilities {64bit: false, acceptSslCert: false, acceptSslCerts: false, adbExecTimeout: 120000, appActivity: com.tce.view.ui.activities...., appPackage: com.tce.studi, automationName: uiautomator2, browserstack.appium_version: 1.17.0, browserstack.is_hub_canary: false, browserstack.minOSVersion: 5.0, browserstack.networkLogsOptions: {&quot;captureContent&quot;=&gt;true}, buildName: Java Android, bundleID: com.tce.studi, bundleId: com.tce.studi, chromeOptions: {w3c: false}, chromedriverPort: 18081, chromedriverPorts: [[18111, 18121]], databaseEnabled: false, detected_language: selenium/3.141.59 (java win..., device: oneplus 8, deviceApiLevel: 29, deviceManufacturer: OnePlus, deviceModel: IN2013, deviceName: 70b3a87c, deviceScreenDensity: 420, deviceScreenSize: 1080x2400, deviceUDID: 70b3a87c, enablePerformanceLogging: false, javascriptEnabled: true, locationContextEnabled: false, mobile: {browser: mobile, version: OnePlus 8-10.0}, nativeWebScreenshot: true, networkConnectionEnabled: true, newCommandTimeout: 0, new_bucketing: true, noReset: true, orig_os: android, osVersion: 10.0, os_version: 10.0, pixelRatio: 2.625, platform: ANDROID, platformName: Android, platformVersion: 10, projectName: Tata Studi, realMobile: true, sessionName: Tata Studi, skipServerInstallation: true, statBarHeight: 104, systemPort: 8201, takesScreenshot: true, udid: 70b3a87c, uiautomator2ServerLaunchTimeout: 60000, version: , viewportRect: {height: 2067, left: 0, top: 104, width: 1080}, warnings: {}, webStorageEnabled: false}
Session ID: 306b3556e877b85bb0177399fdf88a8663b42090" type="org.openqa.selenium.StaleElementReferenceException">
      <![CDATA[org.openqa.selenium.StaleElementReferenceException: Cached elements 'By.id: com.tce.studi:id/tvChapter' do not exist in DOM anymore (WARNING: The server did not provide any stacktrace information)
Command duration or timeout: 0 milliseconds
For documentation on this error, please visit: https://www.seleniumhq.org/exceptions/stale_element_reference.html
Build info: version: '3.141.59', revision: 'e82be7d358', time: '2018-11-14T08:17:03'
System info: host: 'DESKTOP-JHURRHK', ip: '192.168.0.100', os.name: 'Windows 10', os.arch: 'amd64', os.version: '10.0', java.version: '11.0.9'
Driver info: io.appium.java_client.android.AndroidDriver
Capabilities {64bit: false, acceptSslCert: false, acceptSslCerts: false, adbExecTimeout: 120000, appActivity: com.tce.view.ui.activities...., appPackage: com.tce.studi, automationName: uiautomator2, browserstack.appium_version: 1.17.0, browserstack.is_hub_canary: false, browserstack.minOSVersion: 5.0, browserstack.networkLogsOptions: {"captureContent"=>true}, buildName: Java Android, bundleID: com.tce.studi, bundleId: com.tce.studi, chromeOptions: {w3c: false}, chromedriverPort: 18081, chromedriverPorts: [[18111, 18121]], databaseEnabled: false, detected_language: selenium/3.141.59 (java win..., device: oneplus 8, deviceApiLevel: 29, deviceManufacturer: OnePlus, deviceModel: IN2013, deviceName: 70b3a87c, deviceScreenDensity: 420, deviceScreenSize: 1080x2400, deviceUDID: 70b3a87c, enablePerformanceLogging: false, javascriptEnabled: true, locationContextEnabled: false, mobile: {browser: mobile, version: OnePlus 8-10.0}, nativeWebScreenshot: true, networkConnectionEnabled: true, newCommandTimeout: 0, new_bucketing: true, noReset: true, orig_os: android, osVersion: 10.0, os_version: 10.0, pixelRatio: 2.625, platform: ANDROID, platformName: Android, platformVersion: 10, projectName: Tata Studi, realMobile: true, sessionName: Tata Studi, skipServerInstallation: true, statBarHeight: 104, systemPort: 8201, takesScreenshot: true, udid: 70b3a87c, uiautomator2ServerLaunchTimeout: 60000, version: , viewportRect: {height: 2067, left: 0, top: 104, width: 1080}, warnings: {}, webStorageEnabled: false}
Session ID: 306b3556e877b85bb0177399fdf88a8663b42090
at java.base/jdk.internal.reflect.NativeConstructorAccessorImpl.newInstance0(Native Method)
at java.base/jdk.internal.reflect.NativeConstructorAccessorImpl.newInstance(NativeConstructorAccessorImpl.java:62)
at java.base/jdk.internal.reflect.DelegatingConstructorAccessorImpl.newInstance(DelegatingConstructorAccessorImpl.java:45)
at java.base/java.lang.reflect.Constructor.newInstance(Constructor.java:490)
at org.openqa.selenium.remote.ErrorHandler.createThrowable(ErrorHandler.java:214)
at org.openqa.selenium.remote.ErrorHandler.throwIfResponseFailed(ErrorHandler.java:166)
at org.openqa.selenium.remote.http.JsonHttpResponseCodec.reconstructValue(JsonHttpResponseCodec.java:40)
at org.openqa.selenium.remote.http.AbstractHttpResponseCodec.decode(AbstractHttpResponseCodec.java:80)
at org.openqa.selenium.remote.http.AbstractHttpResponseCodec.decode(AbstractHttpResponseCodec.java:44)
at org.openqa.selenium.remote.HttpCommandExecutor.execute(HttpCommandExecutor.java:158)
at io.appium.java_client.remote.AppiumCommandExecutor.execute(AppiumCommandExecutor.java:239)
at org.openqa.selenium.remote.RemoteWebDriver.execute(RemoteWebDriver.java:552)
at io.appium.java_client.DefaultGenericMobileDriver.execute(DefaultGenericMobileDriver.java:42)
at io.appium.java_client.AppiumDriver.execute(AppiumDriver.java:1)
at io.appium.java_client.android.AndroidDriver.execute(AndroidDriver.java:1)
at org.openqa.selenium.remote.RemoteWebElement.execute(RemoteWebElement.java:285)
at io.appium.java_client.DefaultGenericMobileElement.execute(DefaultGenericMobileElement.java:45)
at io.appium.java_client.MobileElement.execute(MobileElement.java:1)
at io.appium.java_client.android.AndroidElement.execute(AndroidElement.java:1)
at org.openqa.selenium.remote.RemoteWebElement.getText(RemoteWebElement.java:166)
at studi.co.pageModules.Module_Syllabus_Intent_Creation.to_verify_all_the_Chapters_Topics_from_BrowseBook_section(Module_Syllabus_Intent_Creation.java:60)
at studi.co.testScripts.Syllabus_Intent_Creation.TC01_To_Verify_when_click_on_Syllabus_shown_all_the_Chapters_Topics_from_BrowseBook_section(Syllabus_Intent_Creation.java:20)
at java.base/jdk.internal.reflect.NativeMethodAccessorImpl.invoke0(Native Method)
at java.base/jdk.internal.reflect.NativeMethodAccessorImpl.invoke(NativeMethodAccessorImpl.java:62)
at java.base/jdk.internal.reflect.DelegatingMethodAccessorImpl.invoke(DelegatingMethodAccessorImpl.java:43)
at java.base/java.lang.reflect.Method.invoke(Method.java:566)
at org.testng.internal.MethodInvocationHelper.invokeMethod(MethodInvocationHelper.java:124)
at org.testng.internal.Invoker.invokeMethod(Invoker.java:583)
at org.testng.internal.Invoker.invokeTestMethod(Invoker.java:719)
at org.testng.internal.Invoker.invokeTestMethods(Invoker.java:989)
at org.testng.internal.TestMethodWorker.invokeTestMethods(TestMethodWorker.java:125)
at org.testng.internal.TestMethodWorker.run(TestMethodWorker.java:109)
at org.testng.TestRunner.privateRun(TestRunner.java:648)
at org.testng.TestRunner.run(TestRunner.java:505)
at org.testng.SuiteRunner.runTest(SuiteRunner.java:455)
at org.testng.SuiteRunner.access$000(SuiteRunner.java:40)
at org.testng.SuiteRunner$SuiteWorker.run(SuiteRunner.java:489)
at org.testng.internal.thread.ThreadUtil$1.call(ThreadUtil.java:52)
at java.base/java.util.concurrent.FutureTask.run(FutureTask.java:264)
at java.base/java.util.concurrent.ThreadPoolExecutor.runWorker(ThreadPoolExecutor.java:1128)
at java.base/java.util.concurrent.ThreadPoolExecutor$Worker.run(ThreadPoolExecutor.java:628)
at java.base/java.lang.Thread.run(Thread.java:834)
]]>
    </error>
  </testcase> <!-- TC01_To_Verify_when_click_on_Syllabus_shown_all_the_Chapters_Topics_from_BrowseBook_section -->
  <testcase classname="studi.co.testScripts.Syllabus_Intent_Creation" name="TC09_To_verify_user_should_be_able_to_select_date_for_the_test" time="71.365">
    <error message="Can&#039;t locate an element by this strategy: By.chained({By.AndroidUIAutomator: new UiSelector().resourceId(&quot;com.tce.studi:id/tvTitle&quot;).textContains(&quot;Digital Test is Ready!&quot;)})" type="org.openqa.selenium.NoSuchElementException">
      <![CDATA[org.openqa.selenium.NoSuchElementException: Can't locate an element by this strategy: By.chained({By.AndroidUIAutomator: new UiSelector().resourceId("com.tce.studi:id/tvTitle").textContains("Digital Test is Ready!")})
at io.appium.java_client.pagefactory.AppiumElementLocator.findElement(AppiumElementLocator.java:126)
at io.appium.java_client.pagefactory.interceptors.InterceptorOfASingleElement.intercept(InterceptorOfASingleElement.java:59)
at io.appium.java_client.android.AndroidElement$$EnhancerByCGLIB$$b598166c.isDisplayed(<generated>)
at studi.co.pageModules.Module_Syllabus_Intent_Creation.to_verify_user_should_be_able_to_select_date_for_the_test(Module_Syllabus_Intent_Creation.java:657)
at studi.co.testScripts.Syllabus_Intent_Creation.TC09_To_verify_user_should_be_able_to_select_date_for_the_test(Syllabus_Intent_Creation.java:65)
at java.base/jdk.internal.reflect.NativeMethodAccessorImpl.invoke0(Native Method)
at java.base/jdk.internal.reflect.NativeMethodAccessorImpl.invoke(NativeMethodAccessorImpl.java:62)
at java.base/jdk.internal.reflect.DelegatingMethodAccessorImpl.invoke(DelegatingMethodAccessorImpl.java:43)
at java.base/java.lang.reflect.Method.invoke(Method.java:566)
at org.testng.internal.MethodInvocationHelper.invokeMethod(MethodInvocationHelper.java:124)
at org.testng.internal.Invoker.invokeMethod(Invoker.java:583)
at org.testng.internal.Invoker.invokeTestMethod(Invoker.java:719)
at org.testng.internal.Invoker.invokeTestMethods(Invoker.java:989)
at org.testng.internal.TestMethodWorker.invokeTestMethods(TestMethodWorker.java:125)
at org.testng.internal.TestMethodWorker.run(TestMethodWorker.java:109)
at org.testng.TestRunner.privateRun(TestRunner.java:648)
at org.testng.TestRunner.run(TestRunner.java:505)
at org.testng.SuiteRunner.runTest(SuiteRunner.java:455)
at org.testng.SuiteRunner.access$000(SuiteRunner.java:40)
at org.testng.SuiteRunner$SuiteWorker.run(SuiteRunner.java:489)
at org.testng.internal.thread.ThreadUtil$1.call(ThreadUtil.java:52)
at java.base/java.util.concurrent.FutureTask.run(FutureTask.java:264)
at java.base/java.util.concurrent.ThreadPoolExecutor.runWorker(ThreadPoolExecutor.java:1128)
at java.base/java.util.concurrent.ThreadPoolExecutor$Worker.run(ThreadPoolExecutor.java:628)
at java.base/java.lang.Thread.run(Thread.java:834)
Caused by: org.openqa.selenium.TimeoutException: Expected condition failed: waiting for io.appium.java_client.pagefactory.AppiumElementLocator$WaitingFunction@ef8f2ac (tried for 1 second(s) with 500 milliseconds interval)
at org.openqa.selenium.support.ui.FluentWait.timeoutException(FluentWait.java:304)
at org.openqa.selenium.support.ui.FluentWait.until(FluentWait.java:272)
at io.appium.java_client.pagefactory.AppiumElementLocator.waitFor(AppiumElementLocator.java:99)
at io.appium.java_client.pagefactory.AppiumElementLocator.findElement(AppiumElementLocator.java:119)
... 24 more
Caused by: org.openqa.selenium.NoSuchElementException: Cannot locate an element using By.chained({By.AndroidUIAutomator: new UiSelector().resourceId("com.tce.studi:id/tvTitle").textContains("Digital Test is Ready!")})
For documentation on this error, please visit: https://www.seleniumhq.org/exceptions/no_such_element.html
Build info: version: '3.141.59', revision: 'e82be7d358', time: '2018-11-14T08:17:03'
System info: host: 'DESKTOP-JHURRHK', ip: '192.168.0.100', os.name: 'Windows 10', os.arch: 'amd64', os.version: '10.0', java.version: '11.0.9'
Driver info: driver.version: AndroidDriver
at io.appium.java_client.pagefactory.bys.builder.ByChained.findElement(ByChained.java:74)
at org.openqa.selenium.remote.RemoteWebDriver.findElement(RemoteWebDriver.java:315)
at io.appium.java_client.DefaultGenericMobileDriver.findElement(DefaultGenericMobileDriver.java:58)
at io.appium.java_client.AppiumDriver.findElement(AppiumDriver.java:1)
at io.appium.java_client.android.AndroidDriver.findElement(AndroidDriver.java:1)
at io.appium.java_client.pagefactory.bys.ContentMappedBy.findElement(ContentMappedBy.java:50)
at org.openqa.selenium.remote.RemoteWebDriver.findElement(RemoteWebDriver.java:315)
at io.appium.java_client.DefaultGenericMobileDriver.findElement(DefaultGenericMobileDriver.java:58)
at io.appium.java_client.AppiumDriver.findElement(AppiumDriver.java:1)
at io.appium.java_client.android.AndroidDriver.findElement(AndroidDriver.java:1)
at io.appium.java_client.pagefactory.AppiumElementLocator.lambda$0(AppiumElementLocator.java:120)
at io.appium.java_client.pagefactory.AppiumElementLocator$WaitingFunction.apply(AppiumElementLocator.java:172)
at io.appium.java_client.pagefactory.AppiumElementLocator$WaitingFunction.apply(AppiumElementLocator.java:1)
at org.openqa.selenium.support.ui.FluentWait.until(FluentWait.java:249)
... 26 more
]]>
    </error>
  </testcase> <!-- TC09_To_verify_user_should_be_able_to_select_date_for_the_test -->
  <testcase classname="studi.co.testScripts.Syllabus_Intent_Creation" name="TC11_To_verify_test_should_be_created_on_clicking_the_Assign_button" time="38.216"/>
</testsuite> <!-- studi.co.testScripts.Syllabus_Intent_Creation -->
