<?xml version="1.0" encoding="UTF-8"?>
<!-- Generated by org.testng.reporters.JUnitReportReporter -->
<testsuite hostname="DESKTOP-TMI6UL6" failures="0" tests="2" name="studi.co.testScripts.Home_Page_Tests" time="41.768" errors="0" timestamp="30 Jul 2021 10:38:29 GMT" skipped="0">
  <testcase classname="studi.co.testScripts.Home_Page_Tests" name="TC_04_verify_Logo_Is_Visible" time="24.342"/>
  <testcase classname="studi.co.testScripts.Home_Page_Tests" name="TC_05_Verify_Default_Data_Of_The_Mobile_Number_Text_Field_On_The_Home_Page" time="17.426"/>
</testsuite> <!-- studi.co.testScripts.Home_Page_Tests -->
