<?xml version="1.0" encoding="UTF-8"?>
<!-- Generated by org.testng.reporters.JUnitReportReporter -->
<testsuite hostname="DESKTOP-TMI6UL6" failures="0" tests="42" name="studi.co.testScripts.Assignment_Oral_Test" time="1460.111" errors="0" timestamp="30 Jul 2021 04:13:45 GMT" skipped="8">
  <testcase classname="studi.co.testScripts.Assignment_Oral_Test" name="TC54_To_verify_the_functionality_of_redo_test" time="64.389"/>
  <testcase classname="studi.co.testScripts.Assignment_Oral_Test" name="TC07_To_Verify_that_from_syllabus_menu_user_should_be_able_to_Navigate_Oral_Test" time="15.847"/>
  <testcase classname="studi.co.testScripts.Assignment_Oral_Test" name="TC40_To_verify_after_hiding_Answer_user_should_be_able_to_view_Answer_Again" time="34.586"/>
  <testcase classname="studi.co.testScripts.Assignment_Oral_Test" name="TC33_To_Verify_the_Start_Test_UI" time="37.115"/>
  <testcase classname="studi.co.testScripts.Assignment_Oral_Test" name="TC53_To_check_for_the_confirmation_Message_for_redo_test_after_submiting_test" time="80.354"/>
  <testcase classname="studi.co.testScripts.Assignment_Oral_Test" name="TC41_To_verify_the_Answer_with_Did_you_get_it_right" time="49.512"/>
  <testcase classname="studi.co.testScripts.Assignment_Oral_Test" name="TC45_To_verify_user_should_be_able_to_end_test_without_checking_the_Answer" time="54.418"/>
  <testcase classname="studi.co.testScripts.Assignment_Oral_Test" name="TC31_To_Verify_To_Set_Duration_For_The_Test" time="39.930"/>
  <testcase classname="studi.co.testScripts.Assignment_Oral_Test" name="TC28_To_Verify_Edit_Title_of_the_Oral_test" time="37.125"/>
  <testcase classname="studi.co.testScripts.Assignment_Oral_Test" name="TC08_To_Verify_After_Clicking_On_Oral_Test_User_Should_be_able_to_View_Oral_Test_Option" time="17.247"/>
  <testcase classname="studi.co.testScripts.Assignment_Oral_Test" name="TC30_To_Verify_Set_Level_Of_Difficulty_For_The_Test" time="37.891"/>
  <testcase classname="studi.co.testScripts.Assignment_Oral_Test" name="TC22_To_Verify_With_TakeMeBack_Button" time="36.079"/>
  <testcase classname="studi.co.testScripts.Assignment_Oral_Test" name="TC39_To_verify_user_should_be_able_to_hide_answers" time="33.544"/>
  <testcase classname="studi.co.testScripts.Assignment_Oral_Test" name="TC26_To_Verify_Default_Title_of_the_Oral_Test" time="34.453"/>
  <testcase classname="studi.co.testScripts.Assignment_Oral_Test" name="TC18_To_Verify_that_user_should_be_able_to_move_from_current_step_to_previous_step" time="34.813"/>
  <testcase classname="studi.co.testScripts.Assignment_Oral_Test" name="TC10_To_Verify_That_User_is_Able_to_Select_the_Chapters_from_Subject" time="28.527"/>
  <testcase classname="studi.co.testScripts.Assignment_Oral_Test" name="TC09_To_Verify_that_User_Should_be_able_to_Add_the_Content_Even_if_Striked_off_for_Creating_Oral_Test" time="35.118"/>
  <testcase classname="studi.co.testScripts.Assignment_Oral_Test" name="TC51_Verify_the_actions_on_last_question_of_the_Oral_test" time="69.700"/>
  <testcase classname="studi.co.testScripts.Assignment_Oral_Test" name="TC23_To_Verify_on_step_3_Enter_Test_Settings_Screen_Should_Get_Display" time="33.520"/>
  <testcase classname="studi.co.testScripts.Assignment_Oral_Test" name="TC24_To_Verify_That_While_Entering_Test_Setting_Details_User_Able_To_ON_Help_Toggle" time="34.415"/>
  <testcase classname="studi.co.testScripts.Assignment_Oral_Test" name="TC52_To_verify_Reurn_to_test_functionality_after_submission_of_test" time="71.944"/>
  <testcase classname="studi.co.testScripts.Assignment_Oral_Test" name="TC17_To_Verify_that_user_should_be_able_to_move_from_current_step_to_next_step" time="32.802"/>
  <testcase classname="studi.co.testScripts.Assignment_Oral_Test" name="TC29_To_Verify_input_limitation_and_input_validation_for_the_title" time="37.131"/>
  <testcase classname="studi.co.testScripts.Assignment_Oral_Test" name="TC21_To_Verify_that_With_YesPleaseDiscard_button" time="35.591"/>
  <testcase classname="studi.co.testScripts.Assignment_Oral_Test" name="TC25_To_Verify_That_While_Entering_Test_Setting_Details_User_Able_To_OFF_Help_Toggle" time="65.657"/>
  <testcase classname="studi.co.testScripts.Assignment_Oral_Test" name="TC11_To_Verify_That_User_is_Able_to_Select_the_Topics_from_Subject" time="45.382"/>
  <testcase classname="studi.co.testScripts.Assignment_Oral_Test" name="TC38_To_verify_the_Default_Correct_Answer_of_question_is_display" time="83.648"/>
  <testcase classname="studi.co.testScripts.Assignment_Oral_Test" name="TC46_To_verify_that_submit_Test_successfully" time="68.545"/>
  <testcase classname="studi.co.testScripts.Assignment_Oral_Test" name="TC12_To_verify_for_select_Deselect_of_chapters_and_Topics" time="30.334"/>
  <testcase classname="studi.co.testScripts.Assignment_Oral_Test" name="TC47_To_verify_after_submit_oral_test_there_should_not_be_any_scoring_critria" time="67.928"/>
  <testcase classname="studi.co.testScripts.Assignment_Oral_Test" name="TC35_To_verify_Begin_test" time="41.683"/>
  <testcase classname="studi.co.testScripts.Assignment_Oral_Test" name="TC20_To_Verify_that_after_click_on_delete_two_option_should_get_display" time="33.862"/>
  <testcase classname="studi.co.testScripts.Assignment_Oral_Test" name="TC19_To_Verify_that_on_all_steps_user_able_to_delete_it_the_all_oral_creation_process" time="0.919"/>
  <testcase classname="studi.co.testScripts.Assignment_Oral_Test" name="TC32_To_Verify_the_navigation_from_Start_Test_Now" time="36.102"/>
  <testcase classname="studi.co.testScripts.Assignment_Oral_Test" name="TC36_To_verify_the_question_with_Answer_appears_in_Green_Color">
    <skipped/>
  </testcase> <!-- TC36_To_verify_the_question_with_Answer_appears_in_Green_Color -->
  <testcase classname="studi.co.testScripts.Assignment_Oral_Test" name="TC37_To_verify_To_verify_the_zoom_functionality_for_Pictures">
    <skipped/>
  </testcase> <!-- TC37_To_verify_To_verify_the_zoom_functionality_for_Pictures -->
  <testcase classname="studi.co.testScripts.Assignment_Oral_Test" name="TC34_To_Verify_When_click_on_start_test_button_before_starting_test_user_should_be_Able_to_view_Videos">
    <skipped/>
  </testcase> <!-- TC34_To_Verify_When_click_on_start_test_button_before_starting_test_user_should_be_Able_to_view_Videos -->
  <testcase classname="studi.co.testScripts.Assignment_Oral_Test" name="TC27_Verify_with_blank_Title">
    <skipped/>
  </testcase> <!-- TC27_Verify_with_blank_Title -->
  <testcase classname="studi.co.testScripts.Assignment_Oral_Test" name="TC42_To_Verify_with_correct_Answer">
    <skipped/>
  </testcase> <!-- TC42_To_Verify_with_correct_Answer -->
  <testcase classname="studi.co.testScripts.Assignment_Oral_Test" name="TC13_To_Verify_Search_tab_for_topics">
    <skipped/>
  </testcase> <!-- TC13_To_Verify_Search_tab_for_topics -->
  <testcase classname="studi.co.testScripts.Assignment_Oral_Test" name="TC44_To_verify_with_Incorrect_Answer">
    <skipped/>
  </testcase> <!-- TC44_To_verify_with_Incorrect_Answer -->
  <testcase classname="studi.co.testScripts.Assignment_Oral_Test" name="TC43_To_verify_with_Partialy_correct_Answer">
    <skipped/>
  </testcase> <!-- TC43_To_verify_with_Partialy_correct_Answer -->
</testsuite> <!-- studi.co.testScripts.Assignment_Oral_Test -->
