<?xml version="1.0" encoding="UTF-8"?>
<!-- Generated by org.testng.reporters.JUnitReportReporter -->
<testsuite hostname="DESKTOP-JHURRHK" failures="0" tests="8" name="studi.co.testScripts.BrowseBook_Resource_Listing" time="0.000" errors="0" timestamp="13 Aug 2021 15:49:13 GMT" skipped="8">
  <testcase classname="studi.co.testScripts.BrowseBook_Resource_Listing" name="TC_07_To_Verify_User_should_be_shown_Not_Accessed_Status_when_user_has_not_started_that_particular_chapter" time="0.000">
    <skipped/>
  </testcase> <!-- TC_07_To_Verify_User_should_be_shown_Not_Accessed_Status_when_user_has_not_started_that_particular_chapter -->
  <testcase classname="studi.co.testScripts.BrowseBook_Resource_Listing" name="TC_09_To_Verify_User_should_be_shown_Low_Confidence_Status_for_the_chapter_in_which_user_has_scored_Low_Confidence" time="0.000">
    <skipped/>
  </testcase> <!-- TC_09_To_Verify_User_should_be_shown_Low_Confidence_Status_for_the_chapter_in_which_user_has_scored_Low_Confidence -->
  <testcase classname="studi.co.testScripts.BrowseBook_Resource_Listing" name="TC_06_To_Verify_User_should_be_shown_Confidence_score_of_each_chapter_against_every_book" time="0.000">
    <skipped/>
  </testcase> <!-- TC_06_To_Verify_User_should_be_shown_Confidence_score_of_each_chapter_against_every_book -->
  <testcase classname="studi.co.testScripts.BrowseBook_Resource_Listing" name="TC_11_To_Verify_User_should_be_shown_Hign_Confidence_Status_for_the_chapter_in_which_user_has_scored_Hign_Confidence" time="0.000">
    <skipped/>
  </testcase> <!-- TC_11_To_Verify_User_should_be_shown_Hign_Confidence_Status_for_the_chapter_in_which_user_has_scored_Hign_Confidence -->
  <testcase classname="studi.co.testScripts.BrowseBook_Resource_Listing" name="TC_10_To_Verify_User_should_be_shown_medium_Confidence_Status_for_the_chapter_in_which_user_has_scored_medium_Confidence" time="0.000">
    <skipped/>
  </testcase> <!-- TC_10_To_Verify_User_should_be_shown_medium_Confidence_Status_for_the_chapter_in_which_user_has_scored_medium_Confidence -->
  <testcase classname="studi.co.testScripts.BrowseBook_Resource_Listing" name="TC_18_To_Verify_User_should_be_shown_Not_Accessed_Status_for_the_TP_when_user_has_not_started_that_particular_TP" time="0.000">
    <skipped/>
  </testcase> <!-- TC_18_To_Verify_User_should_be_shown_Not_Accessed_Status_for_the_TP_when_user_has_not_started_that_particular_TP -->
  <testcase classname="studi.co.testScripts.BrowseBook_Resource_Listing" name="TC_19_To_Verify_User_should_be_shown_Completed_In_School_Status" time="0.000">
    <skipped/>
  </testcase> <!-- TC_19_To_Verify_User_should_be_shown_Completed_In_School_Status -->
  <testcase classname="studi.co.testScripts.BrowseBook_Resource_Listing" name="TC_23_To_Verify_User_should_be_shown_Excluded_from_Syllabus_Status_for_the_TP" time="0.000">
    <skipped/>
  </testcase> <!-- TC_23_To_Verify_User_should_be_shown_Excluded_from_Syllabus_Status_for_the_TP -->
</testsuite> <!-- studi.co.testScripts.BrowseBook_Resource_Listing -->
