<?xml version="1.0" encoding="UTF-8"?>
<!-- Generated by org.testng.reporters.JUnitReportReporter -->
<testsuite hostname="DESKTOP-JHURRHK" failures="0" tests="7" name="studi.co.testScripts.Signup_Login_Tests" time="120.004" errors="0" timestamp="14 Aug 2021 09:50:21 GMT" skipped="0">
  <testcase classname="studi.co.testScripts.Signup_Login_Tests" name="TC_03_Verify_Loginin_Functionality_With_Blank_Mobile_Number" time="14.175"/>
  <testcase classname="studi.co.testScripts.Signup_Login_Tests" name="TC_04_Verify_SingIn_Functionality_With_Valid_Username_And_Blank_Password" time="16.611"/>
  <testcase classname="studi.co.testScripts.Signup_Login_Tests" name="TC_11_Verify_Logout_Functionality" time="19.235"/>
  <testcase classname="studi.co.testScripts.Signup_Login_Tests" name="TC_06_Verify_User_Entered_Valid_MobileNo_And_Invalid_Password" time="17.502"/>
  <testcase classname="studi.co.testScripts.Signup_Login_Tests" name="TC_05_Verify_User_Entered_Invalid_Credentials" time="17.158"/>
  <testcase classname="studi.co.testScripts.Signup_Login_Tests" name="TC_08_Verify_User_Entered_Valid_Credentials" time="17.795"/>
  <testcase classname="studi.co.testScripts.Signup_Login_Tests" name="TC_07_Verify_User_Entered_Invalid_MobileNo_And_Valid_PAssword" time="17.528"/>
</testsuite> <!-- studi.co.testScripts.Signup_Login_Tests -->
