<?xml version="1.0" encoding="UTF-8"?>
<!-- Generated by org.testng.reporters.JUnitReportReporter -->
<testsuite hostname="DESKTOP-TMI6UL6" failures="0" tests="17" name="studi.co.testScripts.Assignment_Digital_Task" time="109.773" errors="0" timestamp="07 Jul 2021 11:25:27 GMT" skipped="16">
  <testcase classname="studi.co.testScripts.Assignment_Digital_Task" name="TC07_To_verify_that_at_time_of_test_submission_count_of_attempted_Pending_Flagged_questions_should_be_display" time="109.773"/>
  <testcase classname="studi.co.testScripts.Assignment_Digital_Task" name="TC04_To_Verify_while_Entering_Test_Setting_Details_User_Able_To_OFF_Help_Toggle">
    <skipped/>
  </testcase> <!-- TC04_To_Verify_while_Entering_Test_Setting_Details_User_Able_To_OFF_Help_Toggle -->
  <testcase classname="studi.co.testScripts.Assignment_Digital_Task" name="TC09_To_Verify_The_Flag_Reflection_On_Review">
    <skipped/>
  </testcase> <!-- TC09_To_Verify_The_Flag_Reflection_On_Review -->
  <testcase classname="studi.co.testScripts.Assignment_Digital_Task" name="TC02_To_Verify_That_After_Test_Begin_Timer_Should_Get_Start">
    <skipped/>
  </testcase> <!-- TC02_To_Verify_That_After_Test_Begin_Timer_Should_Get_Start -->
  <testcase classname="studi.co.testScripts.Assignment_Digital_Task" name="TC16_To_verify_the_message_After_abandon_the_test">
    <skipped/>
  </testcase> <!-- TC16_To_verify_the_message_After_abandon_the_test -->
  <testcase classname="studi.co.testScripts.Assignment_Digital_Task" name="TC12_To_Verify_the_Close_Review">
    <skipped/>
  </testcase> <!-- TC12_To_Verify_the_Close_Review -->
  <testcase classname="studi.co.testScripts.Assignment_Digital_Task" name="TC05_To_Verify_Assign_Digital_Test_and_success_message">
    <skipped/>
  </testcase> <!-- TC05_To_Verify_Assign_Digital_Test_and_success_message -->
  <testcase classname="studi.co.testScripts.Assignment_Digital_Task" name="TC15_To_verify_for_the_Abondon_Test">
    <skipped/>
  </testcase> <!-- TC15_To_verify_for_the_Abondon_Test -->
  <testcase classname="studi.co.testScripts.Assignment_Digital_Task" name="TC06_To_Verify_Add_Flag_For_Review_Before_Submission">
    <skipped/>
  </testcase> <!-- TC06_To_Verify_Add_Flag_For_Review_Before_Submission -->
  <testcase classname="studi.co.testScripts.Assignment_Digital_Task" name="TC11_To_Verify_the_review_Scrolling">
    <skipped/>
  </testcase> <!-- TC11_To_Verify_the_review_Scrolling -->
  <testcase classname="studi.co.testScripts.Assignment_Digital_Task" name="TC08_To_Verify_the_review_of_Digital_test">
    <skipped/>
  </testcase> <!-- TC08_To_Verify_the_review_of_Digital_test -->
  <testcase classname="studi.co.testScripts.Assignment_Digital_Task" name="TC10_To_Verify_the_Correct_Incorrect_answers_on_review_page">
    <skipped/>
  </testcase> <!-- TC10_To_Verify_the_Correct_Incorrect_answers_on_review_page -->
  <testcase classname="studi.co.testScripts.Assignment_Digital_Task" name="TC13_To_Verify_The_Exit_Review">
    <skipped/>
  </testcase> <!-- TC13_To_Verify_The_Exit_Review -->
  <testcase classname="studi.co.testScripts.Assignment_Digital_Task" name="TC01_To_Verify_Test_Duration_should_be_display_as_per_selection_in_the_test_Settings">
    <skipped/>
  </testcase> <!-- TC01_To_Verify_Test_Duration_should_be_display_as_per_selection_in_the_test_Settings -->
  <testcase classname="studi.co.testScripts.Assignment_Digital_Task" name="TC14_To_Verify_From_Review_User_Should_be_Able_To_Redirect_The_Test_Summary_and_Redo_Test">
    <skipped/>
  </testcase> <!-- TC14_To_Verify_From_Review_User_Should_be_Able_To_Redirect_The_Test_Summary_and_Redo_Test -->
  <testcase classname="studi.co.testScripts.Assignment_Digital_Task" name="TC17_To_verify_after_submitting_the_test_user_should_be_able_to_Check_Answers">
    <skipped/>
  </testcase> <!-- TC17_To_verify_after_submitting_the_test_user_should_be_able_to_Check_Answers -->
  <testcase classname="studi.co.testScripts.Assignment_Digital_Task" name="TC03_To_Verify_while_Entering_Test_Setting_Details_User_Able_To_ON_Help_Toggle">
    <skipped/>
  </testcase> <!-- TC03_To_Verify_while_Entering_Test_Setting_Details_User_Able_To_ON_Help_Toggle -->
</testsuite> <!-- studi.co.testScripts.Assignment_Digital_Task -->
