<?xml version="1.0" encoding="UTF-8"?>
<!-- Generated by org.testng.reporters.JUnitReportReporter -->
<testsuite hostname="DESKTOP-JHURRHK" failures="0" tests="2" name="studi.co.testScripts.Home_Page_Tests" time="55.582" errors="0" timestamp="13 Aug 2021 17:22:34 GMT" skipped="0">
  <testcase classname="studi.co.testScripts.Home_Page_Tests" name="TC_05_Verify_Default_Data_Of_The_Mobile_Number_Text_Field_On_The_Home_Page" time="18.668"/>
  <testcase classname="studi.co.testScripts.Home_Page_Tests" name="TC_04_verify_Logo_Is_Visible" time="36.914"/>
</testsuite> <!-- studi.co.testScripts.Home_Page_Tests -->
