<?xml version="1.0" encoding="UTF-8"?>
<!-- Generated by org.testng.reporters.JUnitReportReporter -->
<testsuite hostname="DESKTOP-TMI6UL6" failures="0" tests="17" name="studi.co.testScripts.Assignment_Digital_Test" time="1272.398" errors="2" timestamp="09 Jul 2021 08:11:22 GMT" skipped="1">
  <testcase classname="studi.co.testScripts.Assignment_Digital_Test" name="TC15_To_verify_for_the_Abondon_Test" time="46.273">
    <error message="An element could not be located on the page using the given search parameters.
For documentation on this error, please visit: https://www.seleniumhq.org/exceptions/no_such_element.html
Build info: version: &#039;3.141.59&#039;, revision: &#039;e82be7d358&#039;, time: &#039;2018-11-14T08:17:03&#039;
System info: host: &#039;DESKTOP-TMI6UL6&#039;, ip: &#039;192.168.29.241&#039;, os.name: &#039;Windows 10&#039;, os.arch: &#039;amd64&#039;, os.version: &#039;10.0&#039;, java.version: &#039;15.0.2&#039;
Driver info: io.appium.java_client.android.AndroidDriver
Capabilities {app: C:\Users\LENOVO\Downloads\S..., appActivity: com.tce.view.ui.activities...., appPackage: com.tce.studi, chromeOptions: {w3c: false}, chromedriverExecutable: C:\Users\LENOVO\Downloads\c..., databaseEnabled: false, desired: {app: C:\Users\LENOVO\Downloads\S..., appActivity: com.tce.view.ui.activities...., appPackage: com.tce.studi, chromeOptions: {w3c: false}, chromedriverExecutable: C:\Users\LENOVO\Downloads\c..., deviceName: Appium, noReset: true, platformName: android, platformVersion: 11, takesScreenshot: true}, deviceApiLevel: 30, deviceManufacturer: samsung, deviceModel: SM-M015G, deviceName: R9ZN71027SD, deviceScreenDensity: 320, deviceScreenSize: 720x1520, deviceUDID: R9ZN71027SD, javascriptEnabled: true, locationContextEnabled: false, networkConnectionEnabled: true, noReset: true, pixelRatio: 2, platform: LINUX, platformName: Android, platformVersion: 11, statBarHeight: 59, takesScreenshot: true, viewportRect: {height: 1306, left: 0, top: 59, width: 720}, warnings: {}, webStorageEnabled: false}
Session ID: a81becce-11e0-40b2-94aa-3bb75ec76a88
*** Element info: {Using=xpath, value=//*[contains(@text, &#039;correct&#039;)]}" type="org.openqa.selenium.NoSuchElementException">
      <![CDATA[org.openqa.selenium.NoSuchElementException: An element could not be located on the page using the given search parameters.
For documentation on this error, please visit: https://www.seleniumhq.org/exceptions/no_such_element.html
Build info: version: '3.141.59', revision: 'e82be7d358', time: '2018-11-14T08:17:03'
System info: host: 'DESKTOP-TMI6UL6', ip: '192.168.29.241', os.name: 'Windows 10', os.arch: 'amd64', os.version: '10.0', java.version: '15.0.2'
Driver info: io.appium.java_client.android.AndroidDriver
Capabilities {app: C:\Users\LENOVO\Downloads\S..., appActivity: com.tce.view.ui.activities...., appPackage: com.tce.studi, chromeOptions: {w3c: false}, chromedriverExecutable: C:\Users\LENOVO\Downloads\c..., databaseEnabled: false, desired: {app: C:\Users\LENOVO\Downloads\S..., appActivity: com.tce.view.ui.activities...., appPackage: com.tce.studi, chromeOptions: {w3c: false}, chromedriverExecutable: C:\Users\LENOVO\Downloads\c..., deviceName: Appium, noReset: true, platformName: android, platformVersion: 11, takesScreenshot: true}, deviceApiLevel: 30, deviceManufacturer: samsung, deviceModel: SM-M015G, deviceName: R9ZN71027SD, deviceScreenDensity: 320, deviceScreenSize: 720x1520, deviceUDID: R9ZN71027SD, javascriptEnabled: true, locationContextEnabled: false, networkConnectionEnabled: true, noReset: true, pixelRatio: 2, platform: LINUX, platformName: Android, platformVersion: 11, statBarHeight: 59, takesScreenshot: true, viewportRect: {height: 1306, left: 0, top: 59, width: 720}, warnings: {}, webStorageEnabled: false}
Session ID: a81becce-11e0-40b2-94aa-3bb75ec76a88
*** Element info: {Using=xpath, value=//*[contains(@text, 'correct')]}
at java.base/jdk.internal.reflect.NativeConstructorAccessorImpl.newInstance0(Native Method)
at java.base/jdk.internal.reflect.NativeConstructorAccessorImpl.newInstance(NativeConstructorAccessorImpl.java:64)
at java.base/jdk.internal.reflect.DelegatingConstructorAccessorImpl.newInstance(DelegatingConstructorAccessorImpl.java:45)
at java.base/java.lang.reflect.Constructor.newInstanceWithCaller(Constructor.java:500)
at java.base/java.lang.reflect.Constructor.newInstance(Constructor.java:481)
at org.openqa.selenium.remote.http.W3CHttpResponseCodec.createException(W3CHttpResponseCodec.java:187)
at org.openqa.selenium.remote.http.W3CHttpResponseCodec.decode(W3CHttpResponseCodec.java:122)
at org.openqa.selenium.remote.http.W3CHttpResponseCodec.decode(W3CHttpResponseCodec.java:49)
at org.openqa.selenium.remote.HttpCommandExecutor.execute(HttpCommandExecutor.java:158)
at io.appium.java_client.remote.AppiumCommandExecutor.execute(AppiumCommandExecutor.java:239)
at org.openqa.selenium.remote.RemoteWebDriver.execute(RemoteWebDriver.java:552)
at io.appium.java_client.DefaultGenericMobileDriver.execute(DefaultGenericMobileDriver.java:42)
at io.appium.java_client.AppiumDriver.execute(AppiumDriver.java:1)
at io.appium.java_client.android.AndroidDriver.execute(AndroidDriver.java:1)
at org.openqa.selenium.remote.RemoteWebDriver.findElement(RemoteWebDriver.java:323)
at io.appium.java_client.DefaultGenericMobileDriver.findElement(DefaultGenericMobileDriver.java:62)
at io.appium.java_client.AppiumDriver.findElement(AppiumDriver.java:1)
at io.appium.java_client.android.AndroidDriver.findElement(AndroidDriver.java:1)
at org.openqa.selenium.remote.RemoteWebDriver.findElementByXPath(RemoteWebDriver.java:428)
at io.appium.java_client.DefaultGenericMobileDriver.findElementByXPath(DefaultGenericMobileDriver.java:152)
at io.appium.java_client.AppiumDriver.findElementByXPath(AppiumDriver.java:1)
at io.appium.java_client.android.AndroidDriver.findElementByXPath(AndroidDriver.java:1)
at org.openqa.selenium.By$ByXPath.findElement(By.java:353)
at org.openqa.selenium.remote.RemoteWebDriver.findElement(RemoteWebDriver.java:315)
at io.appium.java_client.DefaultGenericMobileDriver.findElement(DefaultGenericMobileDriver.java:58)
at io.appium.java_client.AppiumDriver.findElement(AppiumDriver.java:1)
at io.appium.java_client.android.AndroidDriver.findElement(AndroidDriver.java:1)
at studi.co.Base.BaseClass.findElementByText(BaseClass.java:869)
at studi.co.pageModules.Module_Assignment_Digital_Test.to_verify_for_the_Abondon_Test(Module_Assignment_Digital_Test.java:931)
at studi.co.testScripts.Assignment_Digital_Test.TC15_To_verify_for_the_Abondon_Test(Assignment_Digital_Test.java:113)
at java.base/jdk.internal.reflect.NativeMethodAccessorImpl.invoke0(Native Method)
at java.base/jdk.internal.reflect.NativeMethodAccessorImpl.invoke(NativeMethodAccessorImpl.java:64)
at java.base/jdk.internal.reflect.DelegatingMethodAccessorImpl.invoke(DelegatingMethodAccessorImpl.java:43)
at java.base/java.lang.reflect.Method.invoke(Method.java:564)
at org.testng.internal.MethodInvocationHelper.invokeMethod(MethodInvocationHelper.java:124)
at org.testng.internal.Invoker.invokeMethod(Invoker.java:583)
at org.testng.internal.Invoker.invokeTestMethod(Invoker.java:719)
at org.testng.internal.Invoker.invokeTestMethods(Invoker.java:989)
at org.testng.internal.TestMethodWorker.invokeTestMethods(TestMethodWorker.java:125)
at org.testng.internal.TestMethodWorker.run(TestMethodWorker.java:109)
at org.testng.TestRunner.privateRun(TestRunner.java:648)
at org.testng.TestRunner.run(TestRunner.java:505)
at org.testng.SuiteRunner.runTest(SuiteRunner.java:455)
at org.testng.SuiteRunner.runSequentially(SuiteRunner.java:450)
at org.testng.SuiteRunner.privateRun(SuiteRunner.java:415)
at org.testng.SuiteRunner.run(SuiteRunner.java:364)
at org.testng.SuiteRunnerWorker.runSuite(SuiteRunnerWorker.java:52)
at org.testng.SuiteRunnerWorker.run(SuiteRunnerWorker.java:84)
at org.testng.TestNG.runSuitesSequentially(TestNG.java:1208)
at org.testng.TestNG.runSuitesLocally(TestNG.java:1137)
at org.testng.TestNG.runSuites(TestNG.java:1049)
at org.testng.TestNG.run(TestNG.java:1017)
at org.testng.remote.AbstractRemoteTestNG.run(AbstractRemoteTestNG.java:115)
at org.testng.remote.RemoteTestNG.initAndRun(RemoteTestNG.java:251)
at org.testng.remote.RemoteTestNG.main(RemoteTestNG.java:77)
]]>
    </error>
  </testcase> <!-- TC15_To_verify_for_the_Abondon_Test -->
  <testcase classname="studi.co.testScripts.Assignment_Digital_Test" name="TC05_To_Verify_Assign_Digital_Test_and_success_message" time="41.463"/>
  <testcase classname="studi.co.testScripts.Assignment_Digital_Test" name="TC06_To_Verify_Add_Flag_For_Review_Before_Submission" time="86.950"/>
  <testcase classname="studi.co.testScripts.Assignment_Digital_Test" name="TC07_To_verify_that_at_time_of_test_submission_count_of_attempted_Pending_Flagged_questions_should_be_display" time="125.273"/>
  <testcase classname="studi.co.testScripts.Assignment_Digital_Test" name="TC14_To_Verify_From_Review_User_Should_be_Able_To_Redirect_The_Test_Summary_and_Redo_Test" time="109.860"/>
  <testcase classname="studi.co.testScripts.Assignment_Digital_Test" name="TC17_To_verify_after_submitting_the_test_user_should_be_able_to_Check_Answers" time="86.983"/>
  <testcase classname="studi.co.testScripts.Assignment_Digital_Test" name="TC08_To_Verify_the_review_of_Digital_test" time="116.396"/>
  <testcase classname="studi.co.testScripts.Assignment_Digital_Test" name="TC03_To_Verify_while_Entering_Test_Setting_Details_User_Able_To_ON_Help_Toggle" time="42.868"/>
  <testcase classname="studi.co.testScripts.Assignment_Digital_Test" name="TC01_To_Verify_Test_Duration_should_be_display_as_per_selection_in_the_test_Settings" time="43.371"/>
  <testcase classname="studi.co.testScripts.Assignment_Digital_Test" name="TC12_To_Verify_the_Close_Review" time="109.944"/>
  <testcase classname="studi.co.testScripts.Assignment_Digital_Test" name="TC09_To_Verify_The_Flag_Reflection_On_Review" time="111.143">
    <error message="Can&#039;t locate an element by this strategy: By.chained({By.id: com.tce.studi:id/tvFlagged})" type="org.openqa.selenium.NoSuchElementException">
      <![CDATA[org.openqa.selenium.NoSuchElementException: Can't locate an element by this strategy: By.chained({By.id: com.tce.studi:id/tvFlagged})
at io.appium.java_client.pagefactory.AppiumElementLocator.findElement(AppiumElementLocator.java:126)
at io.appium.java_client.pagefactory.interceptors.InterceptorOfASingleElement.intercept(InterceptorOfASingleElement.java:59)
at io.appium.java_client.android.AndroidElement$$EnhancerByCGLIB$$b598166c.isDisplayed(<generated>)
at studi.co.pageModules.Module_Assignment_Digital_Test.to_verify_the_the_flag_reflection_on_Review(Module_Assignment_Digital_Test.java:549)
at studi.co.testScripts.Assignment_Digital_Test.TC09_To_Verify_The_Flag_Reflection_On_Review(Assignment_Digital_Test.java:76)
at java.base/jdk.internal.reflect.NativeMethodAccessorImpl.invoke0(Native Method)
at java.base/jdk.internal.reflect.NativeMethodAccessorImpl.invoke(NativeMethodAccessorImpl.java:64)
at java.base/jdk.internal.reflect.DelegatingMethodAccessorImpl.invoke(DelegatingMethodAccessorImpl.java:43)
at java.base/java.lang.reflect.Method.invoke(Method.java:564)
at org.testng.internal.MethodInvocationHelper.invokeMethod(MethodInvocationHelper.java:124)
at org.testng.internal.Invoker.invokeMethod(Invoker.java:583)
at org.testng.internal.Invoker.invokeTestMethod(Invoker.java:719)
at org.testng.internal.Invoker.invokeTestMethods(Invoker.java:989)
at org.testng.internal.TestMethodWorker.invokeTestMethods(TestMethodWorker.java:125)
at org.testng.internal.TestMethodWorker.run(TestMethodWorker.java:109)
at org.testng.TestRunner.privateRun(TestRunner.java:648)
at org.testng.TestRunner.run(TestRunner.java:505)
at org.testng.SuiteRunner.runTest(SuiteRunner.java:455)
at org.testng.SuiteRunner.runSequentially(SuiteRunner.java:450)
at org.testng.SuiteRunner.privateRun(SuiteRunner.java:415)
at org.testng.SuiteRunner.run(SuiteRunner.java:364)
at org.testng.SuiteRunnerWorker.runSuite(SuiteRunnerWorker.java:52)
at org.testng.SuiteRunnerWorker.run(SuiteRunnerWorker.java:84)
at org.testng.TestNG.runSuitesSequentially(TestNG.java:1208)
at org.testng.TestNG.runSuitesLocally(TestNG.java:1137)
at org.testng.TestNG.runSuites(TestNG.java:1049)
at org.testng.TestNG.run(TestNG.java:1017)
at org.testng.remote.AbstractRemoteTestNG.run(AbstractRemoteTestNG.java:115)
at org.testng.remote.RemoteTestNG.initAndRun(RemoteTestNG.java:251)
at org.testng.remote.RemoteTestNG.main(RemoteTestNG.java:77)
Caused by: org.openqa.selenium.TimeoutException: Expected condition failed: waiting for io.appium.java_client.pagefactory.AppiumElementLocator$WaitingFunction@43ab0659 (tried for 1 second(s) with 500 milliseconds interval)
at org.openqa.selenium.support.ui.FluentWait.timeoutException(FluentWait.java:304)
at org.openqa.selenium.support.ui.FluentWait.until(FluentWait.java:272)
at io.appium.java_client.pagefactory.AppiumElementLocator.waitFor(AppiumElementLocator.java:99)
at io.appium.java_client.pagefactory.AppiumElementLocator.findElement(AppiumElementLocator.java:119)
... 29 more
Caused by: org.openqa.selenium.NoSuchElementException: Cannot locate an element using By.chained({By.id: com.tce.studi:id/tvFlagged})
For documentation on this error, please visit: https://www.seleniumhq.org/exceptions/no_such_element.html
Build info: version: '3.141.59', revision: 'e82be7d358', time: '2018-11-14T08:17:03'
System info: host: 'DESKTOP-TMI6UL6', ip: '192.168.29.241', os.name: 'Windows 10', os.arch: 'amd64', os.version: '10.0', java.version: '15.0.2'
Driver info: driver.version: AndroidDriver
at io.appium.java_client.pagefactory.bys.builder.ByChained.findElement(ByChained.java:74)
at org.openqa.selenium.remote.RemoteWebDriver.findElement(RemoteWebDriver.java:315)
at io.appium.java_client.DefaultGenericMobileDriver.findElement(DefaultGenericMobileDriver.java:58)
at io.appium.java_client.AppiumDriver.findElement(AppiumDriver.java:1)
at io.appium.java_client.android.AndroidDriver.findElement(AndroidDriver.java:1)
at io.appium.java_client.pagefactory.bys.ContentMappedBy.findElement(ContentMappedBy.java:50)
at org.openqa.selenium.remote.RemoteWebDriver.findElement(RemoteWebDriver.java:315)
at io.appium.java_client.DefaultGenericMobileDriver.findElement(DefaultGenericMobileDriver.java:58)
at io.appium.java_client.AppiumDriver.findElement(AppiumDriver.java:1)
at io.appium.java_client.android.AndroidDriver.findElement(AndroidDriver.java:1)
at io.appium.java_client.pagefactory.AppiumElementLocator.lambda$0(AppiumElementLocator.java:120)
at io.appium.java_client.pagefactory.AppiumElementLocator$WaitingFunction.apply(AppiumElementLocator.java:172)
at io.appium.java_client.pagefactory.AppiumElementLocator$WaitingFunction.apply(AppiumElementLocator.java:1)
at org.openqa.selenium.support.ui.FluentWait.until(FluentWait.java:249)
... 31 more
]]>
    </error>
  </testcase> <!-- TC09_To_Verify_The_Flag_Reflection_On_Review -->
  <testcase classname="studi.co.testScripts.Assignment_Digital_Test" name="TC02_To_Verify_That_After_Test_Begin_Timer_Should_Get_Start" time="51.284"/>
  <testcase classname="studi.co.testScripts.Assignment_Digital_Test" name="TC04_To_Verify_while_Entering_Test_Setting_Details_User_Able_To_OFF_Help_Toggle" time="47.424"/>
  <testcase classname="studi.co.testScripts.Assignment_Digital_Test" name="TC16_To_verify_the_message_After_abandon_the_test" time="54.083"/>
  <testcase classname="studi.co.testScripts.Assignment_Digital_Test" name="TC11_To_Verify_the_review_Scrolling" time="86.418"/>
  <testcase classname="studi.co.testScripts.Assignment_Digital_Test" name="TC13_To_Verify_The_Exit_Review" time="112.665"/>
  <testcase classname="studi.co.testScripts.Assignment_Digital_Test" name="TC10_To_Verify_the_Correct_Incorrect_answers_on_review_page">
    <skipped/>
  </testcase> <!-- TC10_To_Verify_the_Correct_Incorrect_answers_on_review_page -->
</testsuite> <!-- studi.co.testScripts.Assignment_Digital_Test -->
