<?xml version="1.0" encoding="UTF-8"?>
<!-- Generated by org.testng.reporters.JUnitReportReporter -->
<testsuite hostname="DESKTOP-TMI6UL6" failures="0" tests="20" name="studi.co.testScripts.AFS_UserStory_121" time="44.957" errors="0" timestamp="22 Apr 2021 13:59:23 GMT" skipped="19">
  <testcase classname="studi.co.testScripts.AFS_UserStory_121" name="TC12_Once_the_Assignment_is_created_User_will_be_navigated_back_to_listing_page_and_with_Alert_Notification_of_Success_message" time="44.957"/>
  <testcase classname="studi.co.testScripts.AFS_UserStory_121" name="TC21_To_Verify_Total_Due_Resources_shown_to_user_In_each_section">
    <skipped/>
  </testcase> <!-- TC21_To_Verify_Total_Due_Resources_shown_to_user_In_each_section -->
  <testcase classname="studi.co.testScripts.AFS_UserStory_121" name="TC08_attachment_icon_will_be_shown_in_case_there_any_attachment_assignment">
    <skipped/>
  </testcase> <!-- TC08_attachment_icon_will_be_shown_in_case_there_any_attachment_assignment -->
  <testcase classname="studi.co.testScripts.AFS_UserStory_121" name="TC02_Verify_User_Should_Be_Able_naviagte_To_assign_module_with_Add_Button">
    <skipped/>
  </testcase> <!-- TC02_Verify_User_Should_Be_Able_naviagte_To_assign_module_with_Add_Button -->
  <testcase classname="studi.co.testScripts.AFS_UserStory_121" name="TC07_To_Verify_If_User_Does_Not_Complete_The_Assignment_On_Certain_Due_Date_Count_Of_Extra_Days_Will_Be_Shown_Above_The_Date">
    <skipped/>
  </testcase> <!-- TC07_To_Verify_If_User_Does_Not_Complete_The_Assignment_On_Certain_Due_Date_Count_Of_Extra_Days_Will_Be_Shown_Above_The_Date -->
  <testcase classname="studi.co.testScripts.AFS_UserStory_121" name="TC23_To_Verify_that_On_Listing_Page_User_able_to_Create_Task_And_Both_Type_of_Test">
    <skipped/>
  </testcase> <!-- TC23_To_Verify_that_On_Listing_Page_User_able_to_Create_Task_And_Both_Type_of_Test -->
  <testcase classname="studi.co.testScripts.AFS_UserStory_121" name="TC01_Verify_User_Should_Be_Able_To_See_Listing_Of_Today_Upcoming_Completed_Assignments">
    <skipped/>
  </testcase> <!-- TC01_Verify_User_Should_Be_Able_To_See_Listing_Of_Today_Upcoming_Completed_Assignments -->
  <testcase classname="studi.co.testScripts.AFS_UserStory_121" name="TC20_To_Verify_that_user_is_able_to_attempt_the_all_types_of_assignment">
    <skipped/>
  </testcase> <!-- TC20_To_Verify_that_user_is_able_to_attempt_the_all_types_of_assignment -->
  <testcase classname="studi.co.testScripts.AFS_UserStory_121" name="TC05_To_Verify_New_Created_Tasks_Icon_Once_User_Exits_The_Current_Screen_And_Comes_Back_New_will_not_be_shown">
    <skipped/>
  </testcase> <!-- TC05_To_Verify_New_Created_Tasks_Icon_Once_User_Exits_The_Current_Screen_And_Comes_Back_New_will_not_be_shown -->
  <testcase classname="studi.co.testScripts.AFS_UserStory_121" name="TC04_To_verify_Newly_Created_Assignments_In_Todays_Task_Are_Shown_With_New_Icon">
    <skipped/>
  </testcase> <!-- TC04_To_verify_Newly_Created_Assignments_In_Todays_Task_Are_Shown_With_New_Icon -->
  <testcase classname="studi.co.testScripts.AFS_UserStory_121" name="TC09_Assignment_wil_be_striked_off_if_user_completed_the_assignment_either_by_Mark_as_complete_or_actual_completion">
    <skipped/>
  </testcase> <!-- TC09_Assignment_wil_be_striked_off_if_user_completed_the_assignment_either_by_Mark_as_complete_or_actual_completion -->
  <testcase classname="studi.co.testScripts.AFS_UserStory_121" name="TC19_To_Verify_total_duration_of_the_test_and_the_video_assignments_displaying_on_top_with_Hamburger_menu">
    <skipped/>
  </testcase> <!-- TC19_To_Verify_total_duration_of_the_test_and_the_video_assignments_displaying_on_top_with_Hamburger_menu -->
  <testcase classname="studi.co.testScripts.AFS_UserStory_121" name="TC06_To_Verify_All_Assignments_are_Represents_With_Due_Date_of_That_Assignment">
    <skipped/>
  </testcase> <!-- TC06_To_Verify_All_Assignments_are_Represents_With_Due_Date_of_That_Assignment -->
  <testcase classname="studi.co.testScripts.AFS_UserStory_121" name="TC16_To_Verify_the_scrolling_functionality_user_is_able_to_scroll_down">
    <skipped/>
  </testcase> <!-- TC16_To_Verify_the_scrolling_functionality_user_is_able_to_scroll_down -->
  <testcase classname="studi.co.testScripts.AFS_UserStory_121" name="TC17_To_Verify_the_search_functionality">
    <skipped/>
  </testcase> <!-- TC17_To_Verify_the_search_functionality -->
  <testcase classname="studi.co.testScripts.AFS_UserStory_121" name="TC15_To_Verify_Filter_option_is_availabe_on_listing_page_and_it_Works">
    <skipped/>
  </testcase> <!-- TC15_To_Verify_Filter_option_is_availabe_on_listing_page_and_it_Works -->
  <testcase classname="studi.co.testScripts.AFS_UserStory_121" name="TC22_To_Verify_On_Completed_Assignment_List_actul_Task_Complete_Date_is_Shown">
    <skipped/>
  </testcase> <!-- TC22_To_Verify_On_Completed_Assignment_List_actul_Task_Complete_Date_is_Shown -->
  <testcase classname="studi.co.testScripts.AFS_UserStory_121" name="TC03_To_verify_items_of_today_Upcoming_shown_prominently_on_the_listing_page">
    <skipped/>
  </testcase> <!-- TC03_To_verify_items_of_today_Upcoming_shown_prominently_on_the_listing_page -->
  <testcase classname="studi.co.testScripts.AFS_UserStory_121" name="TC11_after_selecting_topic_new_assignment_is_created_with_label_new">
    <skipped/>
  </testcase> <!-- TC11_after_selecting_topic_new_assignment_is_created_with_label_new -->
  <testcase classname="studi.co.testScripts.AFS_UserStory_121" name="TC14_To_Verify_when_User_clicks_on_View_completed_link_user_will_navigate_to_different_page_where_the_list_of_all_completed_assignments_shown_to_user">
    <skipped/>
  </testcase> <!-- TC14_To_Verify_when_User_clicks_on_View_completed_link_user_will_navigate_to_different_page_where_the_list_of_all_completed_assignments_shown_to_user -->
</testsuite> <!-- studi.co.testScripts.AFS_UserStory_121 -->
