<?xml version="1.0" encoding="UTF-8"?>
<!-- Generated by org.testng.reporters.JUnitReportReporter -->
<testsuite hostname="DESKTOP-TMI6UL6" failures="0" tests="9" name="studi.co.testScripts.Syllabus_Intent_Creation" time="344.237" errors="0" timestamp="12 Aug 2021 16:50:57 GMT" skipped="0">
  <testcase classname="studi.co.testScripts.Syllabus_Intent_Creation" name="TC09_To_verify_user_should_be_able_to_select_date_for_the_test" time="34.679"/>
  <testcase classname="studi.co.testScripts.Syllabus_Intent_Creation" name="TC02_To_Verify_user_should_be_able_to_view_the_link_to_create_Digital_test" time="44.237"/>
  <testcase classname="studi.co.testScripts.Syllabus_Intent_Creation" name="TC11_To_verify_test_should_be_created_on_clicking_the_Assign_button" time="29.670"/>
  <testcase classname="studi.co.testScripts.Syllabus_Intent_Creation" name="TC01_To_Verify_when_click_on_Syllabus_shown_all_the_Chapters_Topics_from_BrowseBook_section" time="62.596"/>
  <testcase classname="studi.co.testScripts.Syllabus_Intent_Creation" name="TC03_To_Verify_user_should_be_able_to_add_the_Content_even_if_striked_off" time="34.846"/>
  <testcase classname="studi.co.testScripts.Syllabus_Intent_Creation" name="TC08_To_verify_user_should_be_able_to_select_Duration" time="32.934"/>
  <testcase classname="studi.co.testScripts.Syllabus_Intent_Creation" name="TC07_To_verify_user_should_be_able_to_Choose_difficulty_level" time="35.832"/>
  <testcase classname="studi.co.testScripts.Syllabus_Intent_Creation" name="TC05_To_Verify_click_on_delete_icon_test_creation_will_be_aborted" time="28.571"/>
  <testcase classname="studi.co.testScripts.Syllabus_Intent_Creation" name="TC04_To_Verify_On_click_one_of_the_topic_or_chapter_next_button_shown" time="40.872"/>
</testsuite> <!-- studi.co.testScripts.Syllabus_Intent_Creation -->
