<?xml version="1.0" encoding="UTF-8"?>
<!-- Generated by org.testng.reporters.JUnitReportReporter -->
<testsuite hostname="DESKTOP-JHURRHK" failures="0" tests="6" name="studi.co.testScripts.AFS_UserStory_127" time="200.746" errors="0" timestamp="14 Aug 2021 12:40:16 GMT" skipped="0">
  <testcase classname="studi.co.testScripts.AFS_UserStory_127" name="TC05_To_Verify_Use_Must_be_Able_To_View_The_Content_of_the_Chapter_Listing_Pages" time="47.761"/>
  <testcase classname="studi.co.testScripts.AFS_UserStory_127" name="TC07_To_Verify_Use_Must_be_Able_To_View_The_Details_of_The_Chapters" time="21.269"/>
  <testcase classname="studi.co.testScripts.AFS_UserStory_127" name="TC15_To_Verify_Use_Must_be_Able_To_Navigate_To_Practice_From_Topic" time="40.042"/>
  <testcase classname="studi.co.testScripts.AFS_UserStory_127" name="TC16_To_Verify_the_user_should_be_able_to_Navigate_to_Notes_listing_page" time="34.923"/>
  <testcase classname="studi.co.testScripts.AFS_UserStory_127" name="TC22_To_Verify_user_should_be_able_to_navigate_to_the_StrikedOut_Topics" time="20.881"/>
  <testcase classname="studi.co.testScripts.AFS_UserStory_127" name="TC14_To_Verify_Use_Must_be_Able_To_Navigate_To_Revision_From_Topic" time="35.870"/>
</testsuite> <!-- studi.co.testScripts.AFS_UserStory_127 -->
