<?xml version="1.0" encoding="UTF-8"?>
<!-- Generated by org.testng.reporters.JUnitReportReporter -->
<testsuite hostname="DESKTOP-TMI6UL6" failures="0" tests="8" name="studi.co.testScripts.AFS_UserStory_65" time="624.907" errors="0" timestamp="28 Jul 2021 11:32:20 GMT" skipped="0">
  <testcase classname="studi.co.testScripts.AFS_UserStory_65" name="T01_To_Verify_BeginPractise_Link" time="69.385"/>
  <testcase classname="studi.co.testScripts.AFS_UserStory_65" name="T02_To_Verify_BeginPractise_Button" time="93.228"/>
  <testcase classname="studi.co.testScripts.AFS_UserStory_65" name="T04_To_Verify_User_Can_Attempt_Practise_Quetions" time="91.527"/>
  <testcase classname="studi.co.testScripts.AFS_UserStory_65" name="T08_To_Verify_Confidence_Report_Page" time="148.642"/>
  <testcase classname="studi.co.testScripts.AFS_UserStory_65" name="T03_To_Verify_Practise_Quetions" time="45.947"/>
  <testcase classname="studi.co.testScripts.AFS_UserStory_65" name="T06_To_Verify_User_should_shown_proper_Response_for_incorrect_option" time="82.228"/>
  <testcase classname="studi.co.testScripts.AFS_UserStory_65" name="T07_To_Verify_Warning_Message_On_Clicking_Back_Button" time="42.954"/>
  <testcase classname="studi.co.testScripts.AFS_UserStory_65" name="T05_To_Verify_User_should_shown_proper_Response_for_correct_option" time="50.996"/>
</testsuite> <!-- studi.co.testScripts.AFS_UserStory_65 -->
