<?xml version="1.0" encoding="UTF-8"?>
<!-- Generated by org.testng.reporters.JUnitReportReporter -->
<testsuite hostname="DESKTOP-JHURRHK" failures="0" tests="37" name="studi.co.testScripts.AFS_UserStory_1045" time="0.000" errors="0" timestamp="13 Aug 2021 15:49:13 GMT" skipped="37">
  <testcase classname="studi.co.testScripts.AFS_UserStory_1045" name="T17_To_Verify_Various_Colour_Code_Schema_For_Various_Books" time="0.000">
    <skipped/>
  </testcase> <!-- T17_To_Verify_Various_Colour_Code_Schema_For_Various_Books -->
  <testcase classname="studi.co.testScripts.AFS_UserStory_1045" name="T19_To_Verify_User_Should_Be_Shown_HighLighted_Lesson" time="0.000">
    <skipped/>
  </testcase> <!-- T19_To_Verify_User_Should_Be_Shown_HighLighted_Lesson -->
  <testcase classname="studi.co.testScripts.AFS_UserStory_1045" name="T20_To_Verify_the_Highlighted_lessons_gets_changed_when_user_complete_the_previous_highlighted_lesson" time="0.000">
    <skipped/>
  </testcase> <!-- T20_To_Verify_the_Highlighted_lessons_gets_changed_when_user_complete_the_previous_highlighted_lesson -->
  <testcase classname="studi.co.testScripts.AFS_UserStory_1045" name="T21_To_Verify_Lesson_Card_Content" time="0.000">
    <skipped/>
  </testcase> <!-- T21_To_Verify_Lesson_Card_Content -->
  <testcase classname="studi.co.testScripts.AFS_UserStory_1045" name="T37_To_Verify_Various_Manage_And_Create_Plan" time="0.000">
    <skipped/>
  </testcase> <!-- T37_To_Verify_Various_Manage_And_Create_Plan -->
  <testcase classname="studi.co.testScripts.AFS_UserStory_1045" name="T01_To_Verify_User_Can_Navigate_To_MyLessons_Page" time="0.000">
    <skipped/>
  </testcase> <!-- T01_To_Verify_User_Can_Navigate_To_MyLessons_Page -->
  <testcase classname="studi.co.testScripts.AFS_UserStory_1045" name="T23_To_Verify_Unlock_Lessons_Are_Tappable" time="0.000">
    <skipped/>
  </testcase> <!-- T23_To_Verify_Unlock_Lessons_Are_Tappable -->
  <testcase classname="studi.co.testScripts.AFS_UserStory_1045" name="T11_To_Verify_TickMark_On_Completing_Todays_Planned_Lesson_Count" time="0.000">
    <skipped/>
  </testcase> <!-- T11_To_Verify_TickMark_On_Completing_Todays_Planned_Lesson_Count -->
  <testcase classname="studi.co.testScripts.AFS_UserStory_1045" name="T34_To_Verify_Various_Filter_Options_On_Schedule_List" time="0.000">
    <skipped/>
  </testcase> <!-- T34_To_Verify_Various_Filter_Options_On_Schedule_List -->
  <testcase classname="studi.co.testScripts.AFS_UserStory_1045" name="T03_ToVerify_User_Can_Navigate_Back_To_The_Landing_Page" time="0.000">
    <skipped/>
  </testcase> <!-- T03_ToVerify_User_Can_Navigate_Back_To_The_Landing_Page -->
  <testcase classname="studi.co.testScripts.AFS_UserStory_1045" name="T27_To_Verify_View_Full_Schedule_Are_Functional" time="0.000">
    <skipped/>
  </testcase> <!-- T27_To_Verify_View_Full_Schedule_Are_Functional -->
  <testcase classname="studi.co.testScripts.AFS_UserStory_1045" name="T42_To_Verify_User_Should_Be_Able_To_create_new_Plan_From_Manage_And_Create_Button" time="0.000">
    <skipped/>
  </testcase> <!-- T42_To_Verify_User_Should_Be_Able_To_create_new_Plan_From_Manage_And_Create_Button -->
  <testcase classname="studi.co.testScripts.AFS_UserStory_1045" name="T32_To_Verify_Filter_Option_On_Schedule_List" time="0.000">
    <skipped/>
  </testcase> <!-- T32_To_Verify_Filter_Option_On_Schedule_List -->
  <testcase classname="studi.co.testScripts.AFS_UserStory_1045" name="T25_To_Verify_Locked_Lessons_Are_Un_Tappable_And_Non_Functional" time="0.000">
    <skipped/>
  </testcase> <!-- T25_To_Verify_Locked_Lessons_Are_Un_Tappable_And_Non_Functional -->
  <testcase classname="studi.co.testScripts.AFS_UserStory_1045" name="T06_To_Verify_In_StudyRing_User_Should_Be_Shown_3_Rings" time="0.000">
    <skipped/>
  </testcase> <!-- T06_To_Verify_In_StudyRing_User_Should_Be_Shown_3_Rings -->
  <testcase classname="studi.co.testScripts.AFS_UserStory_1045" name="T24_To_Verify_Unlock_Lessons_Are_Functional" time="0.000">
    <skipped/>
  </testcase> <!-- T24_To_Verify_Unlock_Lessons_Are_Functional -->
  <testcase classname="studi.co.testScripts.AFS_UserStory_1045" name="T33_To_Verify_Filter_Icon_On_Schedule_List_Should_Be_Tappable" time="0.000">
    <skipped/>
  </testcase> <!-- T33_To_Verify_Filter_Icon_On_Schedule_List_Should_Be_Tappable -->
  <testcase classname="studi.co.testScripts.AFS_UserStory_1045" name="T28_To_Verify_User_Should_Be_Able_To_Navigate_Schedule_List_Page" time="0.000">
    <skipped/>
  </testcase> <!-- T28_To_Verify_User_Should_Be_Able_To_Navigate_Schedule_List_Page -->
  <testcase classname="studi.co.testScripts.AFS_UserStory_1045" name="T30_To_Verify_Full_Schedule_List_Of_Plan_Arranged_Weekly" time="0.000">
    <skipped/>
  </testcase> <!-- T30_To_Verify_Full_Schedule_List_Of_Plan_Arranged_Weekly -->
  <testcase classname="studi.co.testScripts.AFS_UserStory_1045" name="T13_To_Verify_Todays_Tab_In_My_Lessons_Page" time="0.000">
    <skipped/>
  </testcase> <!-- T13_To_Verify_Todays_Tab_In_My_Lessons_Page -->
  <testcase classname="studi.co.testScripts.AFS_UserStory_1045" name="T14_To_Verify_Lessons_Listed_In_Todays_Tab" time="0.000">
    <skipped/>
  </testcase> <!-- T14_To_Verify_Lessons_Listed_In_Todays_Tab -->
  <testcase classname="studi.co.testScripts.AFS_UserStory_1045" name="T26_To_Verify_View_Full_Schedule_Button" time="0.000">
    <skipped/>
  </testcase> <!-- T26_To_Verify_View_Full_Schedule_Button -->
  <testcase classname="studi.co.testScripts.AFS_UserStory_1045" name="T22_To_Verify_TickMark_On_Lesson_Completion" time="0.000">
    <skipped/>
  </testcase> <!-- T22_To_Verify_TickMark_On_Lesson_Completion -->
  <testcase classname="studi.co.testScripts.AFS_UserStory_1045" name="T35_To_Verify_Various_Filter_Options_On_Schedule_List_Should_Be_Functional" time="0.000">
    <skipped/>
  </testcase> <!-- T35_To_Verify_Various_Filter_Options_On_Schedule_List_Should_Be_Functional -->
  <testcase classname="studi.co.testScripts.AFS_UserStory_1045" name="T36_To_Verify_Various_Filter_Options_On_Schedule_List_Should_Be_Functional_For_All_The_Weeks" time="0.000">
    <skipped/>
  </testcase> <!-- T36_To_Verify_Various_Filter_Options_On_Schedule_List_Should_Be_Functional_For_All_The_Weeks -->
  <testcase classname="studi.co.testScripts.AFS_UserStory_1045" name="T39_To_Verify_Various_Manage_And_Create_Plan_Is_Functional" time="0.000">
    <skipped/>
  </testcase> <!-- T39_To_Verify_Various_Manage_And_Create_Plan_Is_Functional -->
  <testcase classname="studi.co.testScripts.AFS_UserStory_1045" name="T16_To_Verify_Lessons_Listed_In_Upcoming_Tab" time="0.000">
    <skipped/>
  </testcase> <!-- T16_To_Verify_Lessons_Listed_In_Upcoming_Tab -->
  <testcase classname="studi.co.testScripts.AFS_UserStory_1045" name="T41_To_Verify_User_Should_Be_Able_To_Reactivate_The_older_Plans_From_Manage_And_Create_Button" time="0.000">
    <skipped/>
  </testcase> <!-- T41_To_Verify_User_Should_Be_Able_To_Reactivate_The_older_Plans_From_Manage_And_Create_Button -->
  <testcase classname="studi.co.testScripts.AFS_UserStory_1045" name="T29_To_Verify_Full_Schedule_List_Of_Plan" time="0.000">
    <skipped/>
  </testcase> <!-- T29_To_Verify_Full_Schedule_List_Of_Plan -->
  <testcase classname="studi.co.testScripts.AFS_UserStory_1045" name="T02_To_Verify_Various_Contents_On_MyLessons_Page" time="0.000">
    <skipped/>
  </testcase> <!-- T02_To_Verify_Various_Contents_On_MyLessons_Page -->
  <testcase classname="studi.co.testScripts.AFS_UserStory_1045" name="T15_To_Verify_Upcoming_Tab_In_My_Lessons_Page" time="0.000">
    <skipped/>
  </testcase> <!-- T15_To_Verify_Upcoming_Tab_In_My_Lessons_Page -->
  <testcase classname="studi.co.testScripts.AFS_UserStory_1045" name="T31_To_Verify_Full_Schedule_List_Of_Plan_For_Other_Weeks" time="0.000">
    <skipped/>
  </testcase> <!-- T31_To_Verify_Full_Schedule_List_Of_Plan_For_Other_Weeks -->
  <testcase classname="studi.co.testScripts.AFS_UserStory_1045" name="T40_To_Verify_User_Should_Be_Able_To_Review_The_Active_Plan_From_Manage_And_Create_Button" time="0.000">
    <skipped/>
  </testcase> <!-- T40_To_Verify_User_Should_Be_Able_To_Review_The_Active_Plan_From_Manage_And_Create_Button -->
  <testcase classname="studi.co.testScripts.AFS_UserStory_1045" name="T07_To_Verify_Information_OfTask_ToBe_Completed_Today" time="0.000">
    <skipped/>
  </testcase> <!-- T07_To_Verify_Information_OfTask_ToBe_Completed_Today -->
  <testcase classname="studi.co.testScripts.AFS_UserStory_1045" name="T04_To_Verify_StudyRing_In_Default_State_For_New_StudyPlan" time="0.000">
    <skipped/>
  </testcase> <!-- T04_To_Verify_StudyRing_In_Default_State_For_New_StudyPlan -->
  <testcase classname="studi.co.testScripts.AFS_UserStory_1045" name="T38_To_Verify_Various_Manage_And_Create_Plan_Is_Tappable" time="0.000">
    <skipped/>
  </testcase> <!-- T38_To_Verify_Various_Manage_And_Create_Plan_Is_Tappable -->
  <testcase classname="studi.co.testScripts.AFS_UserStory_1045" name="T05_To_Verify_StudyRing_For_Existing_StudyPlan" time="0.000">
    <skipped/>
  </testcase> <!-- T05_To_Verify_StudyRing_For_Existing_StudyPlan -->
</testsuite> <!-- studi.co.testScripts.AFS_UserStory_1045 -->
