<?xml version="1.0" encoding="UTF-8"?>
<!-- Generated by org.testng.reporters.JUnitReportReporter -->
<testsuite hostname="DESKTOP-TMI6UL6" failures="0" tests="7" name="studi.co.testScripts.Study_Plan_Create_Plan" time="318.736" errors="0" timestamp="12 Aug 2021 10:19:31 GMT" skipped="0">
  <testcase classname="studi.co.testScripts.Study_Plan_Create_Plan" name="TC06_To_verify_scheduled_plan_view_for_plan_not_started" time="21.493"/>
  <testcase classname="studi.co.testScripts.Study_Plan_Create_Plan" name="TC02_To_Verify_user_is_able_create_another_study_plan" time="76.847"/>
  <testcase classname="studi.co.testScripts.Study_Plan_Create_Plan" name="TC01_To_Verify_user_is_able_to_unflag_Book_for_which_the_user_dont_wants_to_pay_extra_attention" time="59.168"/>
  <testcase classname="studi.co.testScripts.Study_Plan_Create_Plan" name="TC03_To_verify_user_is_able_to_see_the_previous_plan" time="63.823"/>
  <testcase classname="studi.co.testScripts.Study_Plan_Create_Plan" name="TC04_To_Verify_check_uncheck_for_Filteration" time="31.857"/>
  <testcase classname="studi.co.testScripts.Study_Plan_Create_Plan" name="TC07_To_verify_Week_Cycle_plan_which_is_started_in_the_middle_of_week_days" time="32.785"/>
  <testcase classname="studi.co.testScripts.Study_Plan_Create_Plan" name="TC08_To_verify_scheduled_plan_view_for_no_lesson_scheduled" time="32.763"/>
</testsuite> <!-- studi.co.testScripts.Study_Plan_Create_Plan -->
