<?xml version="1.0" encoding="UTF-8"?>
<!-- Generated by org.testng.reporters.JUnitReportReporter -->
<testsuite skipped="0" hostname="INDRANEELGHULE" name="studi.co.testScripts.Login" tests="1" failures="0" timestamp="19 Nov 2020 18:33:15 GMT" time="12.487" errors="0">
  <testcase name="Validate_Login" time="12.487" classname="studi.co.testScripts.Login"/>
</testsuite> <!-- studi.co.testScripts.Login -->
