<?xml version="1.0" encoding="UTF-8"?>
<!-- Generated by org.testng.reporters.JUnitReportReporter -->
<testsuite hostname="DESKTOP-TMI6UL6" failures="0" tests="13" name="studi.co.testScripts.AFS_UserStory_63" time="0.000" errors="0" timestamp="22 Jul 2021 05:42:00 GMT" skipped="13">
  <testcase classname="studi.co.testScripts.AFS_UserStory_63" name="TC01_Verify_Create_Note_Icon_Should_Be_Visible_In_Video" time="0.000">
    <skipped/>
  </testcase> <!-- TC01_Verify_Create_Note_Icon_Should_Be_Visible_In_Video -->
  <testcase classname="studi.co.testScripts.AFS_UserStory_63" name="TC07_Verify_User_Is_Able_To_Enter_Special_Characters_In_Note" time="0.000">
    <skipped/>
  </testcase> <!-- TC07_Verify_User_Is_Able_To_Enter_Special_Characters_In_Note -->
  <testcase classname="studi.co.testScripts.AFS_UserStory_63" name="TC10_Verify_Save_Note_And_Discard_Button_Should_Be_Disable_Initially" time="0.000">
    <skipped/>
  </testcase> <!-- TC10_Verify_Save_Note_And_Discard_Button_Should_Be_Disable_Initially -->
  <testcase classname="studi.co.testScripts.AFS_UserStory_63" name="TC02_Verify_Create_Note_Icon_Should_Be_Clickable_In_Video" time="0.000">
    <skipped/>
  </testcase> <!-- TC02_Verify_Create_Note_Icon_Should_Be_Clickable_In_Video -->
  <testcase classname="studi.co.testScripts.AFS_UserStory_63" name="TC08_Verify_Save_Note_Button_Should_Be_Disable_Initially" time="0.000">
    <skipped/>
  </testcase> <!-- TC08_Verify_Save_Note_Button_Should_Be_Disable_Initially -->
  <testcase classname="studi.co.testScripts.AFS_UserStory_63" name="TC43_Verify_Notes_Will_Be_Saved_Using_Save_Note_Option" time="0.000">
    <skipped/>
  </testcase> <!-- TC43_Verify_Notes_Will_Be_Saved_Using_Save_Note_Option -->
  <testcase classname="studi.co.testScripts.AFS_UserStory_63" name="TC06_Verify_User_Is_Unable_To_Add_Empty_Note" time="0.000">
    <skipped/>
  </testcase> <!-- TC06_Verify_User_Is_Unable_To_Add_Empty_Note -->
  <testcase classname="studi.co.testScripts.AFS_UserStory_63" name="TC14_Verify_Note_Module_Will_Closed_Without_Warning" time="0.000">
    <skipped/>
  </testcase> <!-- TC14_Verify_Note_Module_Will_Closed_Without_Warning -->
  <testcase classname="studi.co.testScripts.AFS_UserStory_63" name="TC05_Verify_User_Should_Be_Able_To_Write_Upto_3000_Charcters_In_Note" time="0.000">
    <skipped/>
  </testcase> <!-- TC05_Verify_User_Should_Be_Able_To_Write_Upto_3000_Charcters_In_Note -->
  <testcase classname="studi.co.testScripts.AFS_UserStory_63" name="TC42_Verify_Warning_Message_Shown_After_Clicking_Discard_In_Notes" time="0.000">
    <skipped/>
  </testcase> <!-- TC42_Verify_Warning_Message_Shown_After_Clicking_Discard_In_Notes -->
  <testcase classname="studi.co.testScripts.AFS_UserStory_63" name="TC11_Verify_Save_Note_And_Discard_Button_Enable_After_User_Entering_Note" time="0.000">
    <skipped/>
  </testcase> <!-- TC11_Verify_Save_Note_And_Discard_Button_Enable_After_User_Entering_Note -->
  <testcase classname="studi.co.testScripts.AFS_UserStory_63" name="TC15_Verify_Note_Area_Have_Initial_Message_For_Entering_Text" time="0.000">
    <skipped/>
  </testcase> <!-- TC15_Verify_Note_Area_Have_Initial_Message_For_Entering_Text -->
  <testcase classname="studi.co.testScripts.AFS_UserStory_63" name="TC09_Verify_Save_Note_Button_Enable_After_User_Entering_Note" time="0.000">
    <skipped/>
  </testcase> <!-- TC09_Verify_Save_Note_Button_Enable_After_User_Entering_Note -->
</testsuite> <!-- studi.co.testScripts.AFS_UserStory_63 -->
