<?xml version="1.0" encoding="UTF-8"?>
<!-- Generated by org.testng.reporters.JUnitReportReporter -->
<testsuite hostname="DESKTOP-TMI6UL6" failures="0" tests="41" name="studi.co.testScripts.AFS_UserStory_1046" time="0.000" errors="0" timestamp="22 Jul 2021 05:42:00 GMT" skipped="41">
  <testcase classname="studi.co.testScripts.AFS_UserStory_1046" name="T40_Verify_On_Tapping_Paused_Plan_User_Should_Not_be_shown_StudyRing" time="0.000">
    <skipped/>
  </testcase> <!-- T40_Verify_On_Tapping_Paused_Plan_User_Should_Not_be_shown_StudyRing -->
  <testcase classname="studi.co.testScripts.AFS_UserStory_1046" name="T11_To_Verify_ProgressBar_of_Each_Subject_In_Review_Plan_Page" time="0.000">
    <skipped/>
  </testcase> <!-- T11_To_Verify_ProgressBar_of_Each_Subject_In_Review_Plan_Page -->
  <testcase classname="studi.co.testScripts.AFS_UserStory_1046" name="T09_To_Verify_Weekly_Option_in_Filter" time="0.000">
    <skipped/>
  </testcase> <!-- T09_To_Verify_Weekly_Option_in_Filter -->
  <testcase classname="studi.co.testScripts.AFS_UserStory_1046" name="T16_To_Verify_Portions_Added_To_The_Subject_In_Active_Plan" time="0.000">
    <skipped/>
  </testcase> <!-- T16_To_Verify_Portions_Added_To_The_Subject_In_Active_Plan -->
  <testcase classname="studi.co.testScripts.AFS_UserStory_1046" name="T05_To_Verify_Progress_of_Active_Plan_Datewise" time="0.000">
    <skipped/>
  </testcase> <!-- T05_To_Verify_Progress_of_Active_Plan_Datewise -->
  <testcase classname="studi.co.testScripts.AFS_UserStory_1046" name="T31_To_Verify_User_Can_Discard_The_Modified_Portion_During_Editing" time="0.000">
    <skipped/>
  </testcase> <!-- T31_To_Verify_User_Can_Discard_The_Modified_Portion_During_Editing -->
  <testcase classname="studi.co.testScripts.AFS_UserStory_1046" name="T37_To_Verify_User_Able_To_Activate_Pause_Plan" time="0.000">
    <skipped/>
  </testcase> <!-- T37_To_Verify_User_Able_To_Activate_Pause_Plan -->
  <testcase classname="studi.co.testScripts.AFS_UserStory_1046" name="T23_To_Verify_User_Should_Be_Able_To_Modify_The_Plans_DeadLine" time="0.000">
    <skipped/>
  </testcase> <!-- T23_To_Verify_User_Should_Be_Able_To_Modify_The_Plans_DeadLine -->
  <testcase classname="studi.co.testScripts.AFS_UserStory_1046" name="T01_To_Verify_User_Navigate_To_ReviewPlan" time="0.000">
    <skipped/>
  </testcase> <!-- T01_To_Verify_User_Navigate_To_ReviewPlan -->
  <testcase classname="studi.co.testScripts.AFS_UserStory_1046" name="T04_To_Verify_Contents_of_Graph" time="0.000">
    <skipped/>
  </testcase> <!-- T04_To_Verify_Contents_of_Graph -->
  <testcase classname="studi.co.testScripts.AFS_UserStory_1046" name="T41_Verify_Once_Active_Plan_isPaused_User_Can_Reactivate_It_Or_Can_Activate_Any_Other_Plan" time="0.000">
    <skipped/>
  </testcase> <!-- T41_Verify_Once_Active_Plan_isPaused_User_Can_Reactivate_It_Or_Can_Activate_Any_Other_Plan -->
  <testcase classname="studi.co.testScripts.AFS_UserStory_1046" name="T21_To_Verify_DeadLine_Tab_Under_Modify_Tab_In_Review_Plan_Page" time="0.000">
    <skipped/>
  </testcase> <!-- T21_To_Verify_DeadLine_Tab_Under_Modify_Tab_In_Review_Plan_Page -->
  <testcase classname="studi.co.testScripts.AFS_UserStory_1046" name="T39_Verify_On_Tapping_Paused_Plan_User_Should_Not_be_shown_MyLessons_Page" time="0.000">
    <skipped/>
  </testcase> <!-- T39_Verify_On_Tapping_Paused_Plan_User_Should_Not_be_shown_MyLessons_Page -->
  <testcase classname="studi.co.testScripts.AFS_UserStory_1046" name="T12_To_Verify_By_Using_ProgressBar_How_Much_User_Has_Moved_Further_In_Review_Plan_Page" time="0.000">
    <skipped/>
  </testcase> <!-- T12_To_Verify_By_Using_ProgressBar_How_Much_User_Has_Moved_Further_In_Review_Plan_Page -->
  <testcase classname="studi.co.testScripts.AFS_UserStory_1046" name="T26_To_Verify_User_Able_To_View_Modified_DeadLine_of_The_Plan" time="0.000">
    <skipped/>
  </testcase> <!-- T26_To_Verify_User_Able_To_View_Modified_DeadLine_of_The_Plan -->
  <testcase classname="studi.co.testScripts.AFS_UserStory_1046" name="T18_To_Verify_Plan_Detail_Tab_In_Review_Plan_Page" time="0.000">
    <skipped/>
  </testcase> <!-- T18_To_Verify_Plan_Detail_Tab_In_Review_Plan_Page -->
  <testcase classname="studi.co.testScripts.AFS_UserStory_1046" name="T22_To_Verify_DeadLine_Tab_Under_Modify_Tab_Is_Functional" time="0.000">
    <skipped/>
  </testcase> <!-- T22_To_Verify_DeadLine_Tab_Under_Modify_Tab_Is_Functional -->
  <testcase classname="studi.co.testScripts.AFS_UserStory_1046" name="T20_To_Verify_Modify_Tab_In_Review_Plan_Page" time="0.000">
    <skipped/>
  </testcase> <!-- T20_To_Verify_Modify_Tab_In_Review_Plan_Page -->
  <testcase classname="studi.co.testScripts.AFS_UserStory_1046" name="T19_To_Verify_Details_In_Plan_Detail_Tab_In_Review_Plan_Page" time="0.000">
    <skipped/>
  </testcase> <!-- T19_To_Verify_Details_In_Plan_Detail_Tab_In_Review_Plan_Page -->
  <testcase classname="studi.co.testScripts.AFS_UserStory_1046" name="T30_To_Verify_Count_Of_Chapters_Edited_After_Modifying_The_Portion" time="0.000">
    <skipped/>
  </testcase> <!-- T30_To_Verify_Count_Of_Chapters_Edited_After_Modifying_The_Portion -->
  <testcase classname="studi.co.testScripts.AFS_UserStory_1046" name="T25_To_Verify_Activation_Of_Plan_With_Unfeasible_Deadline" time="0.000">
    <skipped/>
  </testcase> <!-- T25_To_Verify_Activation_Of_Plan_With_Unfeasible_Deadline -->
  <testcase classname="studi.co.testScripts.AFS_UserStory_1046" name="T28_To_Verify_Portion_Option_Under_Modify_Tab_Is_Functional" time="0.000">
    <skipped/>
  </testcase> <!-- T28_To_Verify_Portion_Option_Under_Modify_Tab_Is_Functional -->
  <testcase classname="studi.co.testScripts.AFS_UserStory_1046" name="T15_To_Verify_Subject_Shown_In_Review_Page_Is_Tappable" time="0.000">
    <skipped/>
  </testcase> <!-- T15_To_Verify_Subject_Shown_In_Review_Page_Is_Tappable -->
  <testcase classname="studi.co.testScripts.AFS_UserStory_1046" name="T17_To_Verify_Total_No_Of_Topics_And_Chapters_In_Review_Plan_Page" time="0.000">
    <skipped/>
  </testcase> <!-- T17_To_Verify_Total_No_Of_Topics_And_Chapters_In_Review_Plan_Page -->
  <testcase classname="studi.co.testScripts.AFS_UserStory_1046" name="T03_To_Verify_Contents_on_Review_Plan_Page" time="0.000">
    <skipped/>
  </testcase> <!-- T03_To_Verify_Contents_on_Review_Plan_Page -->
  <testcase classname="studi.co.testScripts.AFS_UserStory_1046" name="T06_To_Verify_Filter_Option" time="0.000">
    <skipped/>
  </testcase> <!-- T06_To_Verify_Filter_Option -->
  <testcase classname="studi.co.testScripts.AFS_UserStory_1046" name="T13_To_Verify_Turtle_Icon_On_Slow_Progress_of_Subject_In_Review_Plan_Page" time="0.000">
    <skipped/>
  </testcase> <!-- T13_To_Verify_Turtle_Icon_On_Slow_Progress_of_Subject_In_Review_Plan_Page -->
  <testcase classname="studi.co.testScripts.AFS_UserStory_1046" name="T27_To_Verify_Portion_Option_Under_Modify_Tab" time="0.000">
    <skipped/>
  </testcase> <!-- T27_To_Verify_Portion_Option_Under_Modify_Tab -->
  <testcase classname="studi.co.testScripts.AFS_UserStory_1046" name="T38_To_Verify_User_Able_To_Activate_Any_Other_Plan" time="0.000">
    <skipped/>
  </testcase> <!-- T38_To_Verify_User_Able_To_Activate_Any_Other_Plan -->
  <testcase classname="studi.co.testScripts.AFS_UserStory_1046" name="T14_To_Verify_Rabbit_Icon_On_Fast_Progress_of_Subject_In_Review_Plan_Page" time="0.000">
    <skipped/>
  </testcase> <!-- T14_To_Verify_Rabbit_Icon_On_Fast_Progress_of_Subject_In_Review_Plan_Page -->
  <testcase classname="studi.co.testScripts.AFS_UserStory_1046" name="T02_To_Verify_Review_Plan_tab" time="0.000">
    <skipped/>
  </testcase> <!-- T02_To_Verify_Review_Plan_tab -->
  <testcase classname="studi.co.testScripts.AFS_UserStory_1046" name="T24_To_Verify_Plan_Activation_with_Modified_Deadline" time="0.000">
    <skipped/>
  </testcase> <!-- T24_To_Verify_Plan_Activation_with_Modified_Deadline -->
  <testcase classname="studi.co.testScripts.AFS_UserStory_1046" name="T36_To_Verify_User_Able_To_Pause_Plan" time="0.000">
    <skipped/>
  </testcase> <!-- T36_To_Verify_User_Able_To_Pause_Plan -->
  <testcase classname="studi.co.testScripts.AFS_UserStory_1046" name="T29_To_Verify_User_able_to_Modify_the_Portion_added_To_The_Plan" time="0.000">
    <skipped/>
  </testcase> <!-- T29_To_Verify_User_able_to_Modify_the_Portion_added_To_The_Plan -->
  <testcase classname="studi.co.testScripts.AFS_UserStory_1046" name="T34_To_Verify_Pause_Tab_In_Review_Page" time="0.000">
    <skipped/>
  </testcase> <!-- T34_To_Verify_Pause_Tab_In_Review_Page -->
  <testcase classname="studi.co.testScripts.AFS_UserStory_1046" name="T35_To_Verify_Pause_Tab_Is_Functional" time="0.000">
    <skipped/>
  </testcase> <!-- T35_To_Verify_Pause_Tab_Is_Functional -->
  <testcase classname="studi.co.testScripts.AFS_UserStory_1046" name="T10_To_Verify_ProgressBar_In_Review_Plan_Page" time="0.000">
    <skipped/>
  </testcase> <!-- T10_To_Verify_ProgressBar_In_Review_Plan_Page -->
  <testcase classname="studi.co.testScripts.AFS_UserStory_1046" name="T33_To_Verify_User_Should_Be_Able_To_View_The_Modified_Portion_Added_To_The_Plan" time="0.000">
    <skipped/>
  </testcase> <!-- T33_To_Verify_User_Should_Be_Able_To_View_The_Modified_Portion_Added_To_The_Plan -->
  <testcase classname="studi.co.testScripts.AFS_UserStory_1046" name="T07_To_Verify_Full_Plan_in_Graph" time="0.000">
    <skipped/>
  </testcase> <!-- T07_To_Verify_Full_Plan_in_Graph -->
  <testcase classname="studi.co.testScripts.AFS_UserStory_1046" name="T08_To_Verify_Monthly_Option_in_Filter" time="0.000">
    <skipped/>
  </testcase> <!-- T08_To_Verify_Monthly_Option_in_Filter -->
  <testcase classname="studi.co.testScripts.AFS_UserStory_1046" name="T32_To_Verify_User_Should_Be_Able_To_Activate_Modified_Portion_To_The_Plan" time="0.000">
    <skipped/>
  </testcase> <!-- T32_To_Verify_User_Should_Be_Able_To_Activate_Modified_Portion_To_The_Plan -->
</testsuite> <!-- studi.co.testScripts.AFS_UserStory_1046 -->
