<?xml version="1.0" encoding="UTF-8"?>
<!-- Generated by org.testng.reporters.JUnitReportReporter -->
<testsuite hostname="DESKTOP-TMI6UL6" failures="0" tests="7" name="studi.co.testScripts.Quiz_Practise_Tests" time="331.016" errors="0" timestamp="13 Aug 2021 05:20:59 GMT" skipped="3">
  <testcase classname="studi.co.testScripts.Quiz_Practise_Tests" name="TC_09_Verify_All_Questions_Are_Mandatory_In_Practise_Module" time="43.902"/>
  <testcase classname="studi.co.testScripts.Quiz_Practise_Tests" name="TC_12_Verify_That_User_Is_Able_Reattempt_The_Question_One_More_Time_If_One_Attempt_Is_Wrong" time="85.956"/>
  <testcase classname="studi.co.testScripts.Quiz_Practise_Tests" name="TC_10_verify_That_User_Can_Skip_The_Question_And_Navigate_To_Next_Question_But_Doesnot_Navigate_To_Test_Without_Submitting_Answers_For_All_Questions" time="48.819"/>
  <testcase classname="studi.co.testScripts.Quiz_Practise_Tests" name="TC_11_verify_That_Feedback_Will_Be_Provided_At_The_Click_Of_Check_Answer" time="152.339"/>
  <testcase classname="studi.co.testScripts.Quiz_Practise_Tests" name="TC_08_verify_That_In_Order_To_Answer_The_Sorting_Question_User_Is_Able_To_Drag_And_Drop_The_Options_In_The_Placeholder">
    <skipped/>
  </testcase> <!-- TC_08_verify_That_In_Order_To_Answer_The_Sorting_Question_User_Is_Able_To_Drag_And_Drop_The_Options_In_The_Placeholder -->
  <testcase classname="studi.co.testScripts.Quiz_Practise_Tests" name="TC_13_verify_That_User_Chooses_One_Option_Right_And_Another_Wrong_Or_viceversa_The_Answers_Are_Considered_Partially_Correct_In_Case_Of_Sorting_Question">
    <skipped/>
  </testcase> <!-- TC_13_verify_That_User_Chooses_One_Option_Right_And_Another_Wrong_Or_viceversa_The_Answers_Are_Considered_Partially_Correct_In_Case_Of_Sorting_Question -->
  <testcase classname="studi.co.testScripts.Quiz_Practise_Tests" name="TC_07_verify_That_User_Is_Not_Able_To_Submit_Answer_Without_Selecting_All_The_Options_For_Sorting_Question">
    <skipped/>
  </testcase> <!-- TC_07_verify_That_User_Is_Not_Able_To_Submit_Answer_Without_Selecting_All_The_Options_For_Sorting_Question -->
</testsuite> <!-- studi.co.testScripts.Quiz_Practise_Tests -->
