<?xml version="1.0" encoding="UTF-8"?>
<!-- Generated by org.testng.reporters.JUnitReportReporter -->
<testsuite hostname="DESKTOP-TMI6UL6" failures="0" tests="3" name="studi.co.testScripts.Study_Plan_Create_Plan" time="195.518" errors="0" timestamp="04 Aug 2021 11:25:01 GMT" skipped="0">
  <testcase classname="studi.co.testScripts.Study_Plan_Create_Plan" name="TC03_To_verify_user_is_able_to_see_the_previous_plan" time="68.167"/>
  <testcase classname="studi.co.testScripts.Study_Plan_Create_Plan" name="TC01_To_Verify_user_is_able_to_unflag_Book_for_which_the_user_dont_wants_to_pay_extra_attention" time="52.584"/>
  <testcase classname="studi.co.testScripts.Study_Plan_Create_Plan" name="TC02_To_Verify_user_is_able_create_another_study_plan" time="74.767"/>
</testsuite> <!-- studi.co.testScripts.Study_Plan_Create_Plan -->
