<?xml version="1.0" encoding="UTF-8"?>
<!-- Generated by org.testng.reporters.JUnitReportReporter -->
<testsuite hostname="DESKTOP-TMI6UL6" failures="0" tests="8" name="studi.co.testScripts.BrowseBook_Resource_Listing" time="840.406" errors="0" timestamp="30 Jul 2021 11:23:45 GMT" skipped="0">
  <testcase classname="studi.co.testScripts.BrowseBook_Resource_Listing" name="TC_09_To_Verify_User_should_be_shown_Low_Confidence_Status_for_the_chapter_in_which_user_has_scored_Low_Confidence" time="178.152"/>
  <testcase classname="studi.co.testScripts.BrowseBook_Resource_Listing" name="TC_23_To_Verify_User_should_be_shown_Excluded_from_Syllabus_Status_for_the_TP" time="45.447"/>
  <testcase classname="studi.co.testScripts.BrowseBook_Resource_Listing" name="TC_07_To_Verify_User_should_be_shown_Not_Accessed_Status_when_user_has_not_started_that_particular_chapter" time="141.709"/>
  <testcase classname="studi.co.testScripts.BrowseBook_Resource_Listing" name="TC_10_To_Verify_User_should_be_shown_medium_Confidence_Status_for_the_chapter_in_which_user_has_scored_Low_Confidence" time="77.174"/>
  <testcase classname="studi.co.testScripts.BrowseBook_Resource_Listing" name="TC_11_To_Verify_User_should_be_shown_Hign_Confidence_Status_for_the_chapter_in_which_user_has_scored_Low_Confidence" time="119.140"/>
  <testcase classname="studi.co.testScripts.BrowseBook_Resource_Listing" name="TC_06_To_Verify_User_should_be_shown_Confidence_score_of_each_chapter_against_every_book" time="113.608"/>
  <testcase classname="studi.co.testScripts.BrowseBook_Resource_Listing" name="TC_19_To_Verify_User_should_be_shown_Completed_In_School_Status" time="45.408"/>
  <testcase classname="studi.co.testScripts.BrowseBook_Resource_Listing" name="TC_18_To_Verify_User_should_be_shown_Not_Accessed_Status_for_the_TP_when_user_has_not_started_that_particular_TP" time="119.768"/>
</testsuite> <!-- studi.co.testScripts.BrowseBook_Resource_Listing -->
