<?xml version="1.0" encoding="UTF-8"?>
<!-- Generated by org.testng.reporters.JUnitReportReporter -->
<testsuite hostname="DESKTOP-JHURRHK" failures="0" tests="38" name="studi.co.testScripts.AFS_UserStory_1044" time="0.000" errors="0" timestamp="13 Aug 2021 15:49:13 GMT" skipped="38">
  <testcase classname="studi.co.testScripts.AFS_UserStory_1044" name="TC45_Verify_Spaced_Practice1_And_Prctice2_Not_Come_In_Same_Day" time="0.000">
    <skipped/>
  </testcase> <!-- TC45_Verify_Spaced_Practice1_And_Prctice2_Not_Come_In_Same_Day -->
  <testcase classname="studi.co.testScripts.AFS_UserStory_1044" name="TC52_Verify_Past_Completed_Lessons_Can_Be_Attempted_Again" time="0.000">
    <skipped/>
  </testcase> <!-- TC52_Verify_Past_Completed_Lessons_Can_Be_Attempted_Again -->
  <testcase classname="studi.co.testScripts.AFS_UserStory_1044" name="TC02_Verify_Existing_User_Should_Be_Able_To_Navigate_Create_Study_Plan" time="0.000">
    <skipped/>
  </testcase> <!-- TC02_Verify_Existing_User_Should_Be_Able_To_Navigate_Create_Study_Plan -->
  <testcase classname="studi.co.testScripts.AFS_UserStory_1044" name="TC60_Verify_User_Should_Be_Able_To_Create_Study_Plan_Via_Syllabus_Module" time="0.000">
    <skipped/>
  </testcase> <!-- TC60_Verify_User_Should_Be_Able_To_Create_Study_Plan_Via_Syllabus_Module -->
  <testcase classname="studi.co.testScripts.AFS_UserStory_1044" name="TC43_Verify_Two_Spaced_Practice_For_All_Flaged_ParentLesson_In_Test_Unit" time="0.000">
    <skipped/>
  </testcase> <!-- TC43_Verify_Two_Spaced_Practice_For_All_Flaged_ParentLesson_In_Test_Unit -->
  <testcase classname="studi.co.testScripts.AFS_UserStory_1044" name="TC41_Verify_Lesson_Planned_In_Past_But_Not_Completed_It_Will_Be_Displayed_Under_New_Planned_Date" time="0.000">
    <skipped/>
  </testcase> <!-- TC41_Verify_Lesson_Planned_In_Past_But_Not_Completed_It_Will_Be_Displayed_Under_New_Planned_Date -->
  <testcase classname="studi.co.testScripts.AFS_UserStory_1044" name="TC50_Verify_After_Completing_Lesson_Not_Reflects_In_Upcoming_Today_Tab" time="0.000">
    <skipped/>
  </testcase> <!-- TC50_Verify_After_Completing_Lesson_Not_Reflects_In_Upcoming_Today_Tab -->
  <testcase classname="studi.co.testScripts.AFS_UserStory_1044" name="TC06_Verify_Create_Study_Plan_Button_Is_Tappable_On_Landing_Page" time="0.000">
    <skipped/>
  </testcase> <!-- TC06_Verify_Create_Study_Plan_Button_Is_Tappable_On_Landing_Page -->
  <testcase classname="studi.co.testScripts.AFS_UserStory_1044" name="TC56_To_Verify_Past_Completed_Lessons_Will_Not_Influence_Unlocking_Or_Locking_When_Its_Attempted_Again" time="0.000">
    <skipped/>
  </testcase> <!-- TC56_To_Verify_Past_Completed_Lessons_Will_Not_Influence_Unlocking_Or_Locking_When_Its_Attempted_Again -->
  <testcase classname="studi.co.testScripts.AFS_UserStory_1044" name="TC54_To_Verify_Past_Lesson_Attempted_Today_Will_Reflect_In_Today_Tab" time="0.000">
    <skipped/>
  </testcase> <!-- TC54_To_Verify_Past_Lesson_Attempted_Today_Will_Reflect_In_Today_Tab -->
  <testcase classname="studi.co.testScripts.AFS_UserStory_1044" name="TC37_Verify_Listing_Of_Scheduled_Lessons" time="0.000">
    <skipped/>
  </testcase> <!-- TC37_Verify_Listing_Of_Scheduled_Lessons -->
  <testcase classname="studi.co.testScripts.AFS_UserStory_1044" name="TC42_Verify_One_Spaced_Practice_For_All_ParentLesson_In_Test_Unit" time="0.000">
    <skipped/>
  </testcase> <!-- TC42_Verify_One_Spaced_Practice_For_All_ParentLesson_In_Test_Unit -->
  <testcase classname="studi.co.testScripts.AFS_UserStory_1044" name="TC40_Verify_Lesson_Completed_In_Past_And_Then_Completed_Again_Lesson_Will_Appear_Under_Recent_Completed_Date" time="0.000">
    <skipped/>
  </testcase> <!-- TC40_Verify_Lesson_Completed_In_Past_And_Then_Completed_Again_Lesson_Will_Appear_Under_Recent_Completed_Date -->
  <testcase classname="studi.co.testScripts.AFS_UserStory_1044" name="TC38_Verify_Lessons_Planned_For_Future" time="0.000">
    <skipped/>
  </testcase> <!-- TC38_Verify_Lessons_Planned_For_Future -->
  <testcase classname="studi.co.testScripts.AFS_UserStory_1044" name="TC39_Verify_Lessons_Which_Are_Planned_In_Past_But_Completed_Later_Lesson_Should_Appear_Under_Completed_Date" time="0.000">
    <skipped/>
  </testcase> <!-- TC39_Verify_Lessons_Which_Are_Planned_In_Past_But_Completed_Later_Lesson_Should_Appear_Under_Completed_Date -->
  <testcase classname="studi.co.testScripts.AFS_UserStory_1044" name="TC32_Verify_BigIdea_Revise_And_Practice_Unlocked_Together_For_Upcoming_Topic_In_Test_Unit" time="0.000">
    <skipped/>
  </testcase> <!-- TC32_Verify_BigIdea_Revise_And_Practice_Unlocked_Together_For_Upcoming_Topic_In_Test_Unit -->
  <testcase classname="studi.co.testScripts.AFS_UserStory_1044" name="TC31_Verify_After_First_Topic_Completion_Second_Topic_Will_Unlocked_In_Test_Unit" time="0.000">
    <skipped/>
  </testcase> <!-- TC31_Verify_After_First_Topic_Completion_Second_Topic_Will_Unlocked_In_Test_Unit -->
  <testcase classname="studi.co.testScripts.AFS_UserStory_1044" name="TC33_Verify_Order_Of_Release_As_BigIdea_Revise_And_Practice" time="0.000">
    <skipped/>
  </testcase> <!-- TC33_Verify_Order_Of_Release_As_BigIdea_Revise_And_Practice -->
  <testcase classname="studi.co.testScripts.AFS_UserStory_1044" name="TC04_Verify_Existing_User_With_Paused_Study_Plan_Able_To_Navigate_To_Test_Plan" time="0.000">
    <skipped/>
  </testcase> <!-- TC04_Verify_Existing_User_With_Paused_Study_Plan_Able_To_Navigate_To_Test_Plan -->
  <testcase classname="studi.co.testScripts.AFS_UserStory_1044" name="TC58_To_Verify_Tick_Mark_Appears_In_Study_Ring" time="0.000">
    <skipped/>
  </testcase> <!-- TC58_To_Verify_Tick_Mark_Appears_In_Study_Ring -->
  <testcase classname="studi.co.testScripts.AFS_UserStory_1044" name="TC34_Verify_After_Chapter_Complition_Summary_And_Test_Will_Released" time="0.000">
    <skipped/>
  </testcase> <!-- TC34_Verify_After_Chapter_Complition_Summary_And_Test_Will_Released -->
  <testcase classname="studi.co.testScripts.AFS_UserStory_1044" name="TC28_Verify_Lesson_Order_In_Test_Unit" time="0.000">
    <skipped/>
  </testcase> <!-- TC28_Verify_Lesson_Order_In_Test_Unit -->
  <testcase classname="studi.co.testScripts.AFS_UserStory_1044" name="TC30_Verify_BigIdea_Revise_And_Practice_Unlocked_Together_In_Test_Unit" time="0.000">
    <skipped/>
  </testcase> <!-- TC30_Verify_BigIdea_Revise_And_Practice_Unlocked_Together_In_Test_Unit -->
  <testcase classname="studi.co.testScripts.AFS_UserStory_1044" name="TC55_To_Verify_Past_Lesson_Attempted_Today_If_Was_Failed_Attempt_Then_It_Will_Reflect_Only_In_Past_Date_In_Scheduled_Lesson" time="0.000">
    <skipped/>
  </testcase> <!-- TC55_To_Verify_Past_Lesson_Attempted_Today_If_Was_Failed_Attempt_Then_It_Will_Reflect_Only_In_Past_Date_In_Scheduled_Lesson -->
  <testcase classname="studi.co.testScripts.AFS_UserStory_1044" name="TC03_Verify_Existing_User_With_Active_Study_Plan_Able_To_Navigate_To_Test_Plan" time="0.000">
    <skipped/>
  </testcase> <!-- TC03_Verify_Existing_User_With_Active_Study_Plan_Able_To_Navigate_To_Test_Plan -->
  <testcase classname="studi.co.testScripts.AFS_UserStory_1044" name="TC49_Verify_Lesson_Status_Will_Reflects_In_Lessons_Today_Tab" time="0.000">
    <skipped/>
  </testcase> <!-- TC49_Verify_Lesson_Status_Will_Reflects_In_Lessons_Today_Tab -->
  <testcase classname="studi.co.testScripts.AFS_UserStory_1044" name="TC08_Verify_After_Create_Study_Plan_Button_User_Navigate_To_Bookshelf" time="0.000">
    <skipped/>
  </testcase> <!-- TC08_Verify_After_Create_Study_Plan_Button_User_Navigate_To_Bookshelf -->
  <testcase classname="studi.co.testScripts.AFS_UserStory_1044" name="TC35_Verify_After_Completing_Only_Practice_Lessons_Of_Upcoming_Topic_Unlocked" time="0.000">
    <skipped/>
  </testcase> <!-- TC35_Verify_After_Completing_Only_Practice_Lessons_Of_Upcoming_Topic_Unlocked -->
  <testcase classname="studi.co.testScripts.AFS_UserStory_1044" name="TC01_Verify_New_User_Should_Be_Able_To_Navigate_To_Study_Plan" time="0.000">
    <skipped/>
  </testcase> <!-- TC01_Verify_New_User_Should_Be_Able_To_Navigate_To_Study_Plan -->
  <testcase classname="studi.co.testScripts.AFS_UserStory_1044" name="TC36_Verify_After_Completing_Test_Lessons_Of_Upcoming_Topic_Unlocked" time="0.000">
    <skipped/>
  </testcase> <!-- TC36_Verify_After_Completing_Test_Lessons_Of_Upcoming_Topic_Unlocked -->
  <testcase classname="studi.co.testScripts.AFS_UserStory_1044" name="TC51_Verify_Lessons_Attempted_Today_Lesson_Will_Only_Reflect_Under_Todays_Date_In_Schedule_List" time="0.000">
    <skipped/>
  </testcase> <!-- TC51_Verify_Lessons_Attempted_Today_Lesson_Will_Only_Reflect_Under_Todays_Date_In_Schedule_List -->
  <testcase classname="studi.co.testScripts.AFS_UserStory_1044" name="TC05_Verify_User_Should_Not_Be_Able_Create_Study_Plan_Unless_Selecting_Syllabus" time="0.000">
    <skipped/>
  </testcase> <!-- TC05_Verify_User_Should_Not_Be_Able_Create_Study_Plan_Unless_Selecting_Syllabus -->
  <testcase classname="studi.co.testScripts.AFS_UserStory_1044" name="TC44_Verify_Spaced2_Practice_Only_Added_If_Parent_Practice_Is_Incomplete_In_Test_Unit" time="0.000">
    <skipped/>
  </testcase> <!-- TC44_Verify_Spaced2_Practice_Only_Added_If_Parent_Practice_Is_Incomplete_In_Test_Unit -->
  <testcase classname="studi.co.testScripts.AFS_UserStory_1044" name="TC53_Verify_Past_Lesson_Score_And_Status_Will_Override_To_New_And_Reflect_In_My_Lesson_Today_Tab" time="0.000">
    <skipped/>
  </testcase> <!-- TC53_Verify_Past_Lesson_Score_And_Status_Will_Override_To_New_And_Reflect_In_My_Lesson_Today_Tab -->
  <testcase classname="studi.co.testScripts.AFS_UserStory_1044" name="TC26_Verify_Each_Topic_Have_5Lessons_With_One_Spaced_Practice" time="0.000">
    <skipped/>
  </testcase> <!-- TC26_Verify_Each_Topic_Have_5Lessons_With_One_Spaced_Practice -->
  <testcase classname="studi.co.testScripts.AFS_UserStory_1044" name="TC29_Verify_Lesson_Order_After_Complting_Lessons_In_Test_Unit" time="0.000">
    <skipped/>
  </testcase> <!-- TC29_Verify_Lesson_Order_After_Complting_Lessons_In_Test_Unit -->
  <testcase classname="studi.co.testScripts.AFS_UserStory_1044" name="TC46_Verify_Spaced_Practice_And_Parent_Prctice_Not_Come_In_Same_Day" time="0.000">
    <skipped/>
  </testcase> <!-- TC46_Verify_Spaced_Practice_And_Parent_Prctice_Not_Come_In_Same_Day -->
  <testcase classname="studi.co.testScripts.AFS_UserStory_1044" name="TC27_Verify_Each_Flagged_Subject_Have_5Lessons_With_Two_Spaced_Practice" time="0.000">
    <skipped/>
  </testcase> <!-- TC27_Verify_Each_Flagged_Subject_Have_5Lessons_With_Two_Spaced_Practice -->
</testsuite> <!-- studi.co.testScripts.AFS_UserStory_1044 -->
