<?xml version="1.0" encoding="UTF-8"?>
<!-- Generated by org.testng.reporters.JUnitReportReporter -->
<testsuite hostname="DESKTOP-JHURRHK" failures="0" tests="4" name="studi.co.testScripts.Quiz_Practise_Tests" time="342.612" errors="0" timestamp="14 Aug 2021 04:42:45 GMT" skipped="0">
  <testcase classname="studi.co.testScripts.Quiz_Practise_Tests" name="TC_10_verify_That_User_Can_Skip_The_Question_And_Navigate_To_Next_Question_But_Doesnot_Navigate_To_Test_Without_Submitting_Answers_For_All_Questions" time="48.175"/>
  <testcase classname="studi.co.testScripts.Quiz_Practise_Tests" name="TC_09_Verify_All_Questions_Are_Mandatory_In_Practise_Module" time="49.806"/>
  <testcase classname="studi.co.testScripts.Quiz_Practise_Tests" name="TC_11_verify_That_Feedback_Will_Be_Provided_At_The_Click_Of_Check_Answer" time="191.153"/>
  <testcase classname="studi.co.testScripts.Quiz_Practise_Tests" name="TC_12_Verify_That_User_Is_Able_Reattempt_The_Question_One_More_Time_If_One_Attempt_Is_Wrong" time="53.478"/>
</testsuite> <!-- studi.co.testScripts.Quiz_Practise_Tests -->
