<?xml version="1.0" encoding="UTF-8"?>
<!-- Generated by org.testng.reporters.JUnitReportReporter -->
<testsuite hostname="DESKTOP-TMI6UL6" failures="0" tests="3" name="studi.co.testScripts.Quiz_Rivision" time="247.268" errors="0" timestamp="13 Aug 2021 05:20:59 GMT" skipped="0">
  <testcase classname="studi.co.testScripts.Quiz_Rivision" name="TC06_To_verify_Feedback_provided_at_the_click_of_options_itself" time="152.121"/>
  <testcase classname="studi.co.testScripts.Quiz_Rivision" name="TC03_To_verify_not_mandatory_in_Revise_module_to_attempt_each_question" time="44.665"/>
  <testcase classname="studi.co.testScripts.Quiz_Rivision" name="TC04_To_verify_user_can_easily_skip_continue_to_next_question_without_attempting_current_one" time="50.482"/>
</testsuite> <!-- studi.co.testScripts.Quiz_Rivision -->
