<?xml version="1.0" encoding="UTF-8"?>
<!-- Generated by org.testng.reporters.JUnitReportReporter -->
<testsuite hostname="DESKTOP-TMI6UL6" failures="0" tests="12" name="studi.co.testScripts.Assignment_Task" time="25.439" errors="0" timestamp="07 Jul 2021 11:25:27 GMT" skipped="11">
  <testcase classname="studi.co.testScripts.Assignment_Task" name="TC09_To_verify_Delete_Btn_Functinality_at_the_time_of_task_creaetion" time="25.439"/>
  <testcase classname="studi.co.testScripts.Assignment_Task" name="TC02_To_Verify_Creation_of_Task_and_Visible_Under_Due_Today">
    <skipped/>
  </testcase> <!-- TC02_To_Verify_Creation_of_Task_and_Visible_Under_Due_Today -->
  <testcase classname="studi.co.testScripts.Assignment_Task" name="TC06_To_verify_the_Help_Toggle_Button_ON_Functionality_At_Time_of_Task_Creation">
    <skipped/>
  </testcase> <!-- TC06_To_verify_the_Help_Toggle_Button_ON_Functionality_At_Time_of_Task_Creation -->
  <testcase classname="studi.co.testScripts.Assignment_Task" name="TC05_To_Verify_Marking_Task_as_Completed">
    <skipped/>
  </testcase> <!-- TC05_To_Verify_Marking_Task_as_Completed -->
  <testcase classname="studi.co.testScripts.Assignment_Task" name="TC01_To_Verify_Successful_Creation_of_Task">
    <skipped/>
  </testcase> <!-- TC01_To_Verify_Successful_Creation_of_Task -->
  <testcase classname="studi.co.testScripts.Assignment_Task" name="TC10_To_verify_Delete_Btn_Functinality_at_the_time_of_task_creation">
    <skipped/>
  </testcase> <!-- TC10_To_verify_Delete_Btn_Functinality_at_the_time_of_task_creation -->
  <testcase classname="studi.co.testScripts.Assignment_Task" name="TC11_To_verify_Creation_of_Task_Without_Mandatory_Fields">
    <skipped/>
  </testcase> <!-- TC11_To_verify_Creation_of_Task_Without_Mandatory_Fields -->
  <testcase classname="studi.co.testScripts.Assignment_Task" name="TC08_To_verify_Delete_Btn_Functinality_at_the_time_of_task_creation">
    <skipped/>
  </testcase> <!-- TC08_To_verify_Delete_Btn_Functinality_at_the_time_of_task_creation -->
  <testcase classname="studi.co.testScripts.Assignment_Task" name="TC04_To_Verify_Closing_Task_Details">
    <skipped/>
  </testcase> <!-- TC04_To_Verify_Closing_Task_Details -->
  <testcase classname="studi.co.testScripts.Assignment_Task" name="TC07_To_verify_the_Help_Toggle_Button_OFF_Functionality_At_Time_of_Task_Creation">
    <skipped/>
  </testcase> <!-- TC07_To_verify_the_Help_Toggle_Button_OFF_Functionality_At_Time_of_Task_Creation -->
  <testcase classname="studi.co.testScripts.Assignment_Task" name="TC03_To_Verify_Clicking_on_Tasks_Task_Details_are_Displayed">
    <skipped/>
  </testcase> <!-- TC03_To_Verify_Clicking_on_Tasks_Task_Details_are_Displayed -->
  <testcase classname="studi.co.testScripts.Assignment_Task" name="TC12_To_verify_Back_to_Todays_Assignments_takes_user_back_to_My_Assignments_screen">
    <skipped/>
  </testcase> <!-- TC12_To_verify_Back_to_Todays_Assignments_takes_user_back_to_My_Assignments_screen -->
</testsuite> <!-- studi.co.testScripts.Assignment_Task -->
