<?xml version="1.0" encoding="UTF-8"?>
<!-- Generated by org.testng.reporters.JUnitReportReporter -->
<testsuite hostname="DESKTOP-TMI6UL6" failures="0" tests="14" name="studi.co.testScripts.AFS_UserStory_126" time="0.000" errors="0" timestamp="22 Jul 2021 05:42:00 GMT" skipped="14">
  <testcase classname="studi.co.testScripts.AFS_UserStory_126" name="T03_To_Verify_User_Should_Be_Able_To_View_The_Available_Resource_Of_The_BookShelf" time="0.000">
    <skipped/>
  </testcase> <!-- T03_To_Verify_User_Should_Be_Able_To_View_The_Available_Resource_Of_The_BookShelf -->
  <testcase classname="studi.co.testScripts.AFS_UserStory_126" name="T14_To_Verify_User_Should_Be_Able_To_Mark_The_Chapter_As_Completed_In_School_Manually" time="0.000">
    <skipped/>
  </testcase> <!-- T14_To_Verify_User_Should_Be_Able_To_Mark_The_Chapter_As_Completed_In_School_Manually -->
  <testcase classname="studi.co.testScripts.AFS_UserStory_126" name="T01_To_Verify_Syllabus_Options_In_The_Landing_Page" time="0.000">
    <skipped/>
  </testcase> <!-- T01_To_Verify_Syllabus_Options_In_The_Landing_Page -->
  <testcase classname="studi.co.testScripts.AFS_UserStory_126" name="T08_To_Verify_User_Should_Be_Shown_Completed_In_School_Status" time="0.000">
    <skipped/>
  </testcase> <!-- T08_To_Verify_User_Should_Be_Shown_Completed_In_School_Status -->
  <testcase classname="studi.co.testScripts.AFS_UserStory_126" name="T25_To_Verify_User_Should_Be_Able_To_Mark_The_TPs_As_Completed_In_School_Manually" time="0.000">
    <skipped/>
  </testcase> <!-- T25_To_Verify_User_Should_Be_Able_To_Mark_The_TPs_As_Completed_In_School_Manually -->
  <testcase classname="studi.co.testScripts.AFS_UserStory_126" name="T20_To_Verify_User_Should_Be_Shown_Low_Confidence_Status_For_The_Tp_In_Which_User_Has_Scored_Low_Confidence" time="0.000">
    <skipped/>
  </testcase> <!-- T20_To_Verify_User_Should_Be_Shown_Low_Confidence_Status_For_The_Tp_In_Which_User_Has_Scored_Low_Confidence -->
  <testcase classname="studi.co.testScripts.AFS_UserStory_126" name="T26_To_Verify_User_Should_Be_Able_To_Mark_The_TPs_As_Excluded_From_Syllabus_Manually" time="0.000">
    <skipped/>
  </testcase> <!-- T26_To_Verify_User_Should_Be_Able_To_Mark_The_TPs_As_Excluded_From_Syllabus_Manually -->
  <testcase classname="studi.co.testScripts.AFS_UserStory_126" name="T02_To_Verify_Syllabus_Options_Should_Be_Tappable" time="0.000">
    <skipped/>
  </testcase> <!-- T02_To_Verify_Syllabus_Options_Should_Be_Tappable -->
  <testcase classname="studi.co.testScripts.AFS_UserStory_126" name="T17_To_Verify_User_Should_Be_Shown_Status_Of_Each_TP" time="0.000">
    <skipped/>
  </testcase> <!-- T17_To_Verify_User_Should_Be_Shown_Status_Of_Each_TP -->
  <testcase classname="studi.co.testScripts.AFS_UserStory_126" name="T21_To_Verify_User_Should_Be_Shown_Medium_Confidence_Status_For_The_Tp_In_Which_User_Has_Scored_Low_Confidence" time="0.000">
    <skipped/>
  </testcase> <!-- T21_To_Verify_User_Should_Be_Shown_Medium_Confidence_Status_For_The_Tp_In_Which_User_Has_Scored_Low_Confidence -->
  <testcase classname="studi.co.testScripts.AFS_UserStory_126" name="T22_To_Verify_User_Should_Be_Shown_High_Confidence_Status_For_The_Tp_In_Which_User_Has_Scored_Low_Confidence" time="0.000">
    <skipped/>
  </testcase> <!-- T22_To_Verify_User_Should_Be_Shown_High_Confidence_Status_For_The_Tp_In_Which_User_Has_Scored_Low_Confidence -->
  <testcase classname="studi.co.testScripts.AFS_UserStory_126" name="T12_To_Verify_User_Should_Be_Shown_Excluded_From_Syllabus_Status" time="0.000">
    <skipped/>
  </testcase> <!-- T12_To_Verify_User_Should_Be_Shown_Excluded_From_Syllabus_Status -->
  <testcase classname="studi.co.testScripts.AFS_UserStory_126" name="T04_To_Verify_User_Should_Be_Able_To_View_Its_Grade_School_Details_And_Education_Board_Details" time="0.000">
    <skipped/>
  </testcase> <!-- T04_To_Verify_User_Should_Be_Able_To_View_Its_Grade_School_Details_And_Education_Board_Details -->
  <testcase classname="studi.co.testScripts.AFS_UserStory_126" name="T15_To_Verify_User_Should_Be_Able_To_Mark_The_Chapter_As_Excluded_From_Syllabus_Manually" time="0.000">
    <skipped/>
  </testcase> <!-- T15_To_Verify_User_Should_Be_Able_To_Mark_The_Chapter_As_Excluded_From_Syllabus_Manually -->
</testsuite> <!-- studi.co.testScripts.AFS_UserStory_126 -->
