<?xml version="1.0" encoding="UTF-8"?>
<!-- Generated by org.testng.reporters.JUnitReportReporter -->
<testsuite hostname="DESKTOP-JHURRHK" failures="0" tests="26" name="studi.co.testScripts.My_Account_Tests" time="0.000" errors="0" timestamp="18 Aug 2021 12:33:05 GMT" skipped="26">
  <testcase classname="studi.co.testScripts.My_Account_Tests" name="TC_13_Verify_The_Functionality_Of_Profile_Popup_For_Add_New_Profile" time="0.000">
    <skipped/>
  </testcase> <!-- TC_13_Verify_The_Functionality_Of_Profile_Popup_For_Add_New_Profile -->
  <testcase classname="studi.co.testScripts.My_Account_Tests" name="TC_24_Verify_The_Functionality_Of_Assignments_Carousel" time="0.000">
    <skipped/>
  </testcase> <!-- TC_24_Verify_The_Functionality_Of_Assignments_Carousel -->
  <testcase classname="studi.co.testScripts.My_Account_Tests" name="TC_32_Verify_Logout_Functionality" time="0.000">
    <skipped/>
  </testcase> <!-- TC_32_Verify_Logout_Functionality -->
  <testcase classname="studi.co.testScripts.My_Account_Tests" name="TC_25_Verify_The_Functionality_Of_Carousel_In_Case_Of_Update_Delete" time="0.000">
    <skipped/>
  </testcase> <!-- TC_25_Verify_The_Functionality_Of_Carousel_In_Case_Of_Update_Delete -->
  <testcase classname="studi.co.testScripts.My_Account_Tests" name="TC_06_Verify_Select_New_Plan_On_Expired_Plan_Profile_Functionality_On_Profile_Page" time="0.000">
    <skipped/>
  </testcase> <!-- TC_06_Verify_Select_New_Plan_On_Expired_Plan_Profile_Functionality_On_Profile_Page -->
  <testcase classname="studi.co.testScripts.My_Account_Tests" name="TC_33_Verify_The_Data_At_Footer" time="0.000">
    <skipped/>
  </testcase> <!-- TC_33_Verify_The_Data_At_Footer -->
  <testcase classname="studi.co.testScripts.My_Account_Tests" name="TC_12_Verify_The_Functionality_Of_Profile_Popup_For_Switch_Profile" time="0.000">
    <skipped/>
  </testcase> <!-- TC_12_Verify_The_Functionality_Of_Profile_Popup_For_Switch_Profile -->
  <testcase classname="studi.co.testScripts.My_Account_Tests" name="TC_07_Verify_Select_New_Plan_On_Expired_Plan_Profile_Functionality_On_Profile_Page_In_Case_Of_Multi_User" time="0.000">
    <skipped/>
  </testcase> <!-- TC_07_Verify_Select_New_Plan_On_Expired_Plan_Profile_Functionality_On_Profile_Page_In_Case_Of_Multi_User -->
  <testcase classname="studi.co.testScripts.My_Account_Tests" name="TC_03_Verify_Choose_A_Profile_Functionality_On_My_Account_Page" time="0.000">
    <skipped/>
  </testcase> <!-- TC_03_Verify_Choose_A_Profile_Functionality_On_My_Account_Page -->
  <testcase classname="studi.co.testScripts.My_Account_Tests" name="TC_14_Verify_The_Functionality_Of_Profile_Popup_For_Profile_Link" time="0.000">
    <skipped/>
  </testcase> <!-- TC_14_Verify_The_Functionality_Of_Profile_Popup_For_Profile_Link -->
  <testcase classname="studi.co.testScripts.My_Account_Tests" name="TC_16_Verify_The_Functionality_Of_Profile_Popup_For_Account_Link" time="0.000">
    <skipped/>
  </testcase> <!-- TC_16_Verify_The_Functionality_Of_Profile_Popup_For_Account_Link -->
  <testcase classname="studi.co.testScripts.My_Account_Tests" name="TC_15_Verify_The_Functionality_Of_Profile_Popup_For_Syllabus_Link" time="0.000">
    <skipped/>
  </testcase> <!-- TC_15_Verify_The_Functionality_Of_Profile_Popup_For_Syllabus_Link -->
  <testcase classname="studi.co.testScripts.My_Account_Tests" name="TC_01_Verify_Choose_A_Profile_Functionality_On_Profile_Page" time="0.000">
    <skipped/>
  </testcase> <!-- TC_01_Verify_Choose_A_Profile_Functionality_On_Profile_Page -->
  <testcase classname="studi.co.testScripts.My_Account_Tests" name="TC_05_Verify_Expired_Plan_Profile_Functionality_On_Profile_Page" time="0.000">
    <skipped/>
  </testcase> <!-- TC_05_Verify_Expired_Plan_Profile_Functionality_On_Profile_Page -->
  <testcase classname="studi.co.testScripts.My_Account_Tests" name="TC_09_Verify_The_Functionality_Of_Contact_Us_To_Add_More_Link_On_Profile" time="0.000">
    <skipped/>
  </testcase> <!-- TC_09_Verify_The_Functionality_Of_Contact_Us_To_Add_More_Link_On_Profile -->
  <testcase classname="studi.co.testScripts.My_Account_Tests" name="TC_02_Verify_Sign_Out_Functionality_On_Choose_Profile_Page" time="0.000">
    <skipped/>
  </testcase> <!-- TC_02_Verify_Sign_Out_Functionality_On_Choose_Profile_Page -->
  <testcase classname="studi.co.testScripts.My_Account_Tests" name="TC_10_Verify_The_Functionality_Of_Profile_Icon" time="0.000">
    <skipped/>
  </testcase> <!-- TC_10_Verify_The_Functionality_Of_Profile_Icon -->
  <testcase classname="studi.co.testScripts.My_Account_Tests" name="TC_23_Verify_The_Functionality_Of_Each_Carousel_Page" time="0.000">
    <skipped/>
  </testcase> <!-- TC_23_Verify_The_Functionality_Of_Each_Carousel_Page -->
  <testcase classname="studi.co.testScripts.My_Account_Tests" name="TC_21_Verify_The_Logo_Of_The_Application_Is_clickable" time="0.000">
    <skipped/>
  </testcase> <!-- TC_21_Verify_The_Logo_Of_The_Application_Is_clickable -->
  <testcase classname="studi.co.testScripts.My_Account_Tests" name="TC_11_Verify_The_Functionality_Of_Profile_Popup_For_Close" time="0.000">
    <skipped/>
  </testcase> <!-- TC_11_Verify_The_Functionality_Of_Profile_Popup_For_Close -->
  <testcase classname="studi.co.testScripts.My_Account_Tests" name="TC_04_Verify_Choose_A_Profile_Functionality_On_Profile_Page_In_Case_Of_Multi_User" time="0.000">
    <skipped/>
  </testcase> <!-- TC_04_Verify_Choose_A_Profile_Functionality_On_Profile_Page_In_Case_Of_Multi_User -->
  <testcase classname="studi.co.testScripts.My_Account_Tests" name="TC_22_Verify_The_Functionality_Of_Carousel_What_Would_You_Like_To_Do_Next" time="0.000">
    <skipped/>
  </testcase> <!-- TC_22_Verify_The_Functionality_Of_Carousel_What_Would_You_Like_To_Do_Next -->
  <testcase classname="studi.co.testScripts.My_Account_Tests" name="TC_28_Verify_The_Functionality_Of_Reprot_An_Issues">
    <skipped/>
  </testcase> <!-- TC_28_Verify_The_Functionality_Of_Reprot_An_Issues -->
  <testcase classname="studi.co.testScripts.My_Account_Tests" name="TC_26_Verify_The_Data_In_Carousel_What_Would_You_Like_To_Do_Next_In_Case_Of_Multiuser">
    <skipped/>
  </testcase> <!-- TC_26_Verify_The_Data_In_Carousel_What_Would_You_Like_To_Do_Next_In_Case_Of_Multiuser -->
  <testcase classname="studi.co.testScripts.My_Account_Tests" name="TC_08_Verify_Select_New_Plan_On_Expired_Plan_Profile_Functionality_On_Profile_Page">
    <skipped/>
  </testcase> <!-- TC_08_Verify_Select_New_Plan_On_Expired_Plan_Profile_Functionality_On_Profile_Page -->
  <testcase classname="studi.co.testScripts.My_Account_Tests" name="TC_27_Verify_The_Data_In_Carousel_What_Would_You_Like_To_Do_Next_In_Case_Of_Religion">
    <skipped/>
  </testcase> <!-- TC_27_Verify_The_Data_In_Carousel_What_Would_You_Like_To_Do_Next_In_Case_Of_Religion -->
</testsuite> <!-- studi.co.testScripts.My_Account_Tests -->
