<?xml version="1.0" encoding="UTF-8"?>
<!-- Generated by org.testng.reporters.JUnitReportReporter -->
<testsuite hostname="DESKTOP-JHURRHK" failures="0" tests="4" name="studi.co.testScripts.Quiz_Practise_Tests" time="0.000" errors="0" timestamp="18 Aug 2021 12:33:05 GMT" skipped="4">
  <testcase classname="studi.co.testScripts.Quiz_Practise_Tests" name="TC_10_verify_That_User_Can_Skip_The_Question_And_Navigate_To_Next_Question_But_Doesnot_Navigate_To_Test_Without_Submitting_Answers_For_All_Questions" time="0.000">
    <skipped/>
  </testcase> <!-- TC_10_verify_That_User_Can_Skip_The_Question_And_Navigate_To_Next_Question_But_Doesnot_Navigate_To_Test_Without_Submitting_Answers_For_All_Questions -->
  <testcase classname="studi.co.testScripts.Quiz_Practise_Tests" name="TC_12_Verify_That_User_Is_Able_Reattempt_The_Question_One_More_Time_If_One_Attempt_Is_Wrong" time="0.000">
    <skipped/>
  </testcase> <!-- TC_12_Verify_That_User_Is_Able_Reattempt_The_Question_One_More_Time_If_One_Attempt_Is_Wrong -->
  <testcase classname="studi.co.testScripts.Quiz_Practise_Tests" name="TC_11_verify_That_Feedback_Will_Be_Provided_At_The_Click_Of_Check_Answer" time="0.000">
    <skipped/>
  </testcase> <!-- TC_11_verify_That_Feedback_Will_Be_Provided_At_The_Click_Of_Check_Answer -->
  <testcase classname="studi.co.testScripts.Quiz_Practise_Tests" name="TC_09_Verify_All_Questions_Are_Mandatory_In_Practise_Module" time="0.000">
    <skipped/>
  </testcase> <!-- TC_09_Verify_All_Questions_Are_Mandatory_In_Practise_Module -->
</testsuite> <!-- studi.co.testScripts.Quiz_Practise_Tests -->
