<?xml version="1.0" encoding="UTF-8"?>
<!-- Generated by org.testng.reporters.JUnitReportReporter -->
<testsuite hostname="DESKTOP-TMI6UL6" failures="0" tests="2" name="studi.co.testScripts.Home_Page_Tests" time="36.655" errors="0" timestamp="12 Aug 2021 11:54:49 GMT" skipped="0">
  <testcase classname="studi.co.testScripts.Home_Page_Tests" name="TC_05_Verify_Default_Data_Of_The_Mobile_Number_Text_Field_On_The_Home_Page" time="15.472"/>
  <testcase classname="studi.co.testScripts.Home_Page_Tests" name="TC_04_verify_Logo_Is_Visible" time="21.183"/>
</testsuite> <!-- studi.co.testScripts.Home_Page_Tests -->
